INFO  2015.05.15 19:38:19.183 sl    - KDB+ ver: 3.2 rel: 2014.11.26 OS: l32 PID: 31339
INFO  2015.05.15 19:38:19.183 sl    - no license found
INFO  2015.05.15 19:38:19.183 sl    - user: guptah host: vt0dmkdl01 port: 17023
INFO  2015.05.15 19:38:19.183 sl    - dir: /home/guptah/EC/enterprise-components-ec-3.2.3/bin/ec/components/rdb file: rdb.q
INFO  2015.05.15 19:38:19.183 sl    - no command line parameters
INFO  2015.05.15 19:38:19.183 sl    - GMT: 2015.05.15T19:38:19.183 loc. time: 2015.05.15T15:38:19.183
INFO  2015.05.15 19:38:19.183 sl    - QHOME: /home/guptah/EC/enterprise-components-ec-3.2.3/bin/q
INFO  2015.05.15 19:38:19.183 sl    - Loading qsl/event.q library...
INFO  2015.05.15 19:38:19.184 sl    - /home/guptah/EC/enterprise-components-ec-3.2.3/bin/ec/libraries/qsl/event.q loaded
INFO  2015.05.15 19:38:19.184 sl    - Loading qsl/handle.q library...
INFO  2015.05.15 19:38:19.184 sl    -   Loading qsl/callback.q library...
INFO  2015.05.15 19:38:19.184 sl    -   /home/guptah/EC/enterprise-components-ec-3.2.3/bin/ec/libraries/qsl/callback.q loaded
INFO  2015.05.15 19:38:19.184 sl    -   qsl/timer.q library already loaded
INFO  2015.05.15 19:38:19.186 sl    - /home/guptah/EC/enterprise-components-ec-3.2.3/bin/ec/libraries/qsl/handle.q loaded
INFO  2015.05.15 19:38:19.186 sl    - Loading qsl/authorization.q library...
INFO  2015.05.15 19:38:19.187 sl    - /home/guptah/EC/enterprise-components-ec-3.2.3/bin/ec/libraries/qsl/authorization.q loaded
INFO  2015.05.15 19:38:19.187 sl    - Loading qsl/sub.q library...
INFO  2015.05.15 19:38:19.187 sl    -   Loading qsl/sub_tickHF.q library...
INFO  2015.05.15 19:38:19.188 sl    -   /home/guptah/EC/enterprise-components-ec-3.2.3/bin/ec/libraries/qsl/sub_tickHF.q loaded
INFO  2015.05.15 19:38:19.188 sl    -   Loading qsl/sub_tickLF.q library...
INFO  2015.05.15 19:38:19.188 sl    -   /home/guptah/EC/enterprise-components-ec-3.2.3/bin/ec/libraries/qsl/sub_tickLF.q loaded
INFO  2015.05.15 19:38:19.188 sl    -   Loading qsl/sub_dist.q library...
INFO  2015.05.15 19:38:19.188 sl    -   /home/guptah/EC/enterprise-components-ec-3.2.3/bin/ec/libraries/qsl/sub_dist.q loaded
INFO  2015.05.15 19:38:19.189 sl    - /home/guptah/EC/enterprise-components-ec-3.2.3/bin/ec/libraries/qsl/sub.q loaded
INFO  2015.05.15 19:38:19.189 sl    - Loading cfgRdr/cfgRdr.q library...
INFO  2015.05.15 19:38:19.192 sl    -   Loading qsl/parseq.q library...
INFO  2015.05.15 19:38:19.201 sl    -   /home/guptah/EC/enterprise-components-ec-3.2.3/bin/ec/libraries/qsl/parseq.q loaded
INFO  2015.05.15 19:38:19.214 sl    - /home/guptah/EC/enterprise-components-ec-3.2.3/bin/ec/libraries/cfgRdr/cfgRdr.q loaded
INFO  2015.05.15 19:38:19.214 sl    - qsl/handle.q library already loaded
INFO  2015.05.15 19:38:19.214 sl    - qsl/sub.q library already loaded
INFO  2015.05.15 19:38:19.214 sl    - Loading qsl/store.q library...
INFO  2015.05.15 19:38:19.215 sl    - /home/guptah/EC/enterprise-components-ec-3.2.3/bin/ec/libraries/qsl/store.q loaded
INFO  2015.05.15 19:38:19.215 cr    - Parsing qsd files
INFO  2015.05.15 19:38:19.280 cr    - Parsing cfg files
INFO  2015.05.15 19:38:19.496 rdb   - | status=`EVENT_STARTED| descr="initializing rdb component"| funcName=`.sl.main| arg=`| defVal=`| tsId=2015.05.15D19:38:19.496295000
INFO  2015.05.15 19:38:19.520 store - store initialization completed
INFO  2015.05.15 19:38:19.739 rdb   - | status=`EVENT_COMPLETED| descr="initializing rdb component"| funcName=`.sl.main| resType=101h| resCnt=1| tsId=2015.05.15D19:38:19.496406000
INFO  2015.05.15 19:38:19.744 cb    - Plugin .auth.p.pc for callback .z.pc will be always called as first one.
INFO  2015.05.15 19:38:19.744 cb    - Plugin .auth.p.po for callback .z.po will be always called as first one.
INFO  2015.05.15 19:38:19.744 auth  - uOpt in system.cfg is turned off, access for all users is granted. Audit view will be enabled only for users defined in access.cfg
INFO  2015.05.15 19:38:19.745 sub   - | status=`EVENT_COMPLETED| descr="Reading subscription configuration for dist server"| funcName=`.sub.readCfg| resType=101h| resCnt=1| tsId=2015.05.15D19:38:19.744525000
INFO  2015.05.15 19:38:19.745 sub   - | status=`EVENT_COMPLETED| descr="Auto initialization of subscription basing on dataflow configuration"| funcName=`.sub.init| resType=101h| resCnt=1| tsId=2015.05.15D19:38:19.745170000
INFO  2015.05.15 19:38:19.747 sub   - Initializing PROTOCOL_TICKLFcallbacks for :`.tickLF.upd`.tickLF.jUpd`.tickLF.img`.tickLF.jImg`.tickLF.ups`.tickLF.jUps`...
INFO  2015.05.15 19:38:19.747 sub   - | status=`EVENT_STARTED| descr="garbage collection"| funcName=`.Q.gc| arg=()| defVal=`| tsId=2015.05.15D19:38:19.747601000
INFO  2015.05.15 19:38:19.747 sub   - | status=`EVENT_COMPLETED| descr="garbage collection"| funcName=`.Q.gc| resType=-7h| resCnt=1| tsId=2015.05.15D19:38:19.747683000
INFO  2015.05.15 19:38:19.748 sub   - | status=`EVENT_STARTED| descr="replaying the data from journal:/home/guptah/EC/enterprise-components-ec-3.2..| funcName=`.sub.tickLF.replayData| arg=(0;`:/home/guptah/EC/enterprise-components-ec-3.2.3/data/cds.tick/tradeCDS/20..| defVal=`| tsId=2015.05.15D19:38:19.747979000
INFO  2015.05.15 19:38:19.748 sub   - Replaying 0 messages from: :/home/guptah/EC/enterprise-components-ec-3.2.3/data/cds.tick/tradeCDS/2015.05.08T00.00.00.564.eod.tradeCDS
INFO  2015.05.15 19:38:19.748 sub   - | status=`EVENT_COMPLETED| descr="replaying the data from journal:/home/guptah/EC/enterprise-components-ec-3.2..| funcName=`.sub.tickLF.replayData| resType=101h| resCnt=1| tsId=2015.05.15D19:38:19.748158000
INFO  2015.05.15 19:38:19.748 sub   - | status=`EVENT_COMPLETED| descr="Auto initialization of connection to subscription sources basing on dataflow..| funcName=`.sub.hopenSrc| resType=101h| resCnt=1| tsId=2015.05.15D19:38:19.745540000
INFO  2015.05.15 19:38:19.748 rdb   - component rdb initialized with 0 fatals, 0 errors, 0 warnings
