INFO  2015.04.28 15:52:00.736 sl    - KDB+ ver: 3.2 rel: 2014.11.26 OS: l32 PID: 13340
INFO  2015.04.28 15:52:00.736 sl    - no license found
INFO  2015.04.28 15:52:00.736 sl    - user: guptah host: vt0dmkdl01 port: 17012
INFO  2015.04.28 15:52:00.736 sl    - dir: /home/guptah/EC/enterprise-components-ec-3.2.3/bin/ec/components/hdb file: hdb.q
INFO  2015.04.28 15:52:00.736 sl    - no command line parameters
INFO  2015.04.28 15:52:00.736 sl    - GMT: 2015.04.28T15:52:00.736 loc. time: 2015.04.28T11:52:00.736
INFO  2015.04.28 15:52:00.736 sl    - QHOME: /home/guptah/EC/enterprise-components-ec-3.2.3/bin/q/
INFO  2015.04.28 15:52:00.736 sl    - Loading qsl/event.q library...
INFO  2015.04.28 15:52:00.737 sl    - /home/guptah/EC/enterprise-components-ec-3.2.3/bin/ec/libraries/qsl/event.q loaded
INFO  2015.04.28 15:52:00.737 sl    - Loading qsl/handle.q library...
INFO  2015.04.28 15:52:00.737 sl    -   Loading qsl/callback.q library...
INFO  2015.04.28 15:52:00.738 sl    -   /home/guptah/EC/enterprise-components-ec-3.2.3/bin/ec/libraries/qsl/callback.q loaded
INFO  2015.04.28 15:52:00.738 sl    -   qsl/timer.q library already loaded
INFO  2015.04.28 15:52:00.739 sl    - /home/guptah/EC/enterprise-components-ec-3.2.3/bin/ec/libraries/qsl/handle.q loaded
INFO  2015.04.28 15:52:00.739 sl    - Loading qsl/authorization.q library...
INFO  2015.04.28 15:52:00.740 sl    - /home/guptah/EC/enterprise-components-ec-3.2.3/bin/ec/libraries/qsl/authorization.q loaded
INFO  2015.04.28 15:52:00.740 sl    - Loading qsl/sub.q library...
INFO  2015.04.28 15:52:00.741 sl    -   Loading qsl/sub_tickHF.q library...
INFO  2015.04.28 15:52:00.741 sl    -   /home/guptah/EC/enterprise-components-ec-3.2.3/bin/ec/libraries/qsl/sub_tickHF.q loaded
INFO  2015.04.28 15:52:00.741 sl    -   Loading qsl/sub_tickLF.q library...
INFO  2015.04.28 15:52:00.741 sl    -   /home/guptah/EC/enterprise-components-ec-3.2.3/bin/ec/libraries/qsl/sub_tickLF.q loaded
INFO  2015.04.28 15:52:00.741 sl    -   Loading qsl/sub_dist.q library...
INFO  2015.04.28 15:52:00.742 sl    -   /home/guptah/EC/enterprise-components-ec-3.2.3/bin/ec/libraries/qsl/sub_dist.q loaded
INFO  2015.04.28 15:52:00.742 sl    - /home/guptah/EC/enterprise-components-ec-3.2.3/bin/ec/libraries/qsl/sub.q loaded
INFO  2015.04.28 15:52:00.742 sl    - Loading cfgRdr/cfgRdr.q library...
INFO  2015.04.28 15:52:00.746 sl    -   Loading qsl/parseq.q library...
INFO  2015.04.28 15:52:00.753 sl    -   /home/guptah/EC/enterprise-components-ec-3.2.3/bin/ec/libraries/qsl/parseq.q loaded
INFO  2015.04.28 15:52:00.768 sl    - /home/guptah/EC/enterprise-components-ec-3.2.3/bin/ec/libraries/cfgRdr/cfgRdr.q loaded
INFO  2015.04.28 15:52:00.768 cr    - Parsing qsd files
INFO  2015.04.28 15:52:00.825 cr    - Parsing cfg files
INFO  2015.04.28 15:52:00.879 hdb   - | status=`EVENT_STARTED| descr="initializing hdb component"| funcName=`.sl.main| arg=`| defVal=`| tsId=2015.04.28D15:52:00.879609000
INFO  2015.04.28 15:52:00.881 hdb   - | status=`EVENT_STARTED| descr="hdb reloading, hdb dir:/home/guptah/EC/enterprise-components-ec-3.2.3/data/c..| funcName=`.hdb.p.reload| arg=()| defVal=`| tsId=2015.04.28D15:52:00.881192000
INFO  2015.04.28 15:52:00.881 hdb   - | status=`EVENT_COMPLETED| descr="hdb reloading, hdb dir:/home/guptah/EC/enterprise-components-ec-3.2.3/data/c..| funcName=`.hdb.p.reload| resType=101h| resCnt=1| tsId=2015.04.28D15:52:00.881331000
INFO  2015.04.28 15:52:00.881 hdb   - | status=`EVENT_COMPLETED| descr="initializing hdb component"| funcName=`.sl.main| resType=101h| resCnt=1| tsId=2015.04.28D15:52:00.879725000
INFO  2015.04.28 15:52:00.886 cb    - Plugin .auth.p.pc for callback .z.pc will be always called as first one.
INFO  2015.04.28 15:52:00.886 cb    - Plugin .auth.p.po for callback .z.po will be always called as first one.
INFO  2015.04.28 15:52:00.886 auth  - uOpt in system.cfg is turned off, access for all users is granted. Audit view will be enabled only for users defined in access.cfg
INFO  2015.04.28 15:52:00.887 sub   - | status=`EVENT_COMPLETED| descr="Reading subscription configuration for dist server"| funcName=`.sub.readCfg| resType=101h| resCnt=1| tsId=2015.04.28D15:52:00.886958000
INFO  2015.04.28 15:52:00.887 sub   - | status=`EVENT_COMPLETED| descr="Auto initialization of subscription basing on dataflow configuration"| funcName=`.sub.init| resType=0h| resCnt=0| tsId=2015.04.28D15:52:00.887629000
INFO  2015.04.28 15:52:00.888 sub   - | status=`EVENT_COMPLETED| descr="Auto initialization of connection to subscription sources basing on dataflow..| funcName=`.sub.hopenSrc| resType=0h| resCnt=0| tsId=2015.04.28D15:52:00.887886000
INFO  2015.04.28 15:52:00.888 hdb   - component hdb initialized with 0 fatals, 0 errors, 0 warnings
