INFO  2015.02.09 19:56:50.750 sl    - KDB+ ver: 3.2 rel: 2014.12.05 OS: m32 PID: 27617
INFO  2015.02.09 19:56:50.750 sl    - no license found
INFO  2015.02.09 19:56:50.750 sl    - user: himanshugupta host: himanshus-macbook-pro.local port: 18011
INFO  2015.02.09 19:56:50.750 sl    - dir: /Users/himanshugupta/DemoSystem/Enterprise-Component/bin/ec/components/rdb file: rdb.q
INFO  2015.02.09 19:56:50.750 sl    - no command line parameters
INFO  2015.02.09 19:56:50.750 sl    - GMT: 2015.02.09T19:56:50.750 loc. time: 2015.02.09T14:56:50.750
INFO  2015.02.09 19:56:50.750 sl    - QHOME: /Users/himanshugupta/DemoSystem/Enterprise-Component/bin/q/
INFO  2015.02.09 19:56:50.750 sl    - Loading qsl/event.q library...
INFO  2015.02.09 19:56:50.752 sl    - /Users/himanshugupta/DemoSystem/Enterprise-Component/bin/ec/libraries/qsl/event.q loaded
INFO  2015.02.09 19:56:50.752 sl    - Loading qsl/handle.q library...
INFO  2015.02.09 19:56:50.768 sl    -   Loading qsl/callback.q library...
INFO  2015.02.09 19:56:50.795 sl    -   /Users/himanshugupta/DemoSystem/Enterprise-Component/bin/ec/libraries/qsl/callback.q loaded
INFO  2015.02.09 19:56:50.796 sl    -   qsl/timer.q library already loaded
INFO  2015.02.09 19:56:50.798 sl    - /Users/himanshugupta/DemoSystem/Enterprise-Component/bin/ec/libraries/qsl/handle.q loaded
INFO  2015.02.09 19:56:50.798 sl    - Loading qsl/authorization.q library...
INFO  2015.02.09 19:56:50.802 sl    - /Users/himanshugupta/DemoSystem/Enterprise-Component/bin/ec/libraries/qsl/authorization.q loaded
INFO  2015.02.09 19:56:50.802 sl    - Loading qsl/sub.q library...
INFO  2015.02.09 19:56:50.821 sl    -   Loading qsl/sub_tickHF.q library...
INFO  2015.02.09 19:56:50.827 sl    -   /Users/himanshugupta/DemoSystem/Enterprise-Component/bin/ec/libraries/qsl/sub_tickHF.q loaded
INFO  2015.02.09 19:56:50.827 sl    -   Loading qsl/sub_tickLF.q library...
INFO  2015.02.09 19:56:50.828 sl    -   /Users/himanshugupta/DemoSystem/Enterprise-Component/bin/ec/libraries/qsl/sub_tickLF.q loaded
INFO  2015.02.09 19:56:50.828 sl    -   Loading qsl/sub_dist.q library...
INFO  2015.02.09 19:56:50.830 sl    -   /Users/himanshugupta/DemoSystem/Enterprise-Component/bin/ec/libraries/qsl/sub_dist.q loaded
INFO  2015.02.09 19:56:50.831 sl    - /Users/himanshugupta/DemoSystem/Enterprise-Component/bin/ec/libraries/qsl/sub.q loaded
INFO  2015.02.09 19:56:50.831 sl    - Loading cfgRdr/cfgRdr.q library...
INFO  2015.02.09 19:56:50.859 sl    -   Loading qsl/parseq.q library...
INFO  2015.02.09 19:56:50.865 sl    -   /Users/himanshugupta/DemoSystem/Enterprise-Component/bin/ec/libraries/qsl/parseq.q loaded
INFO  2015.02.09 19:56:50.882 sl    - /Users/himanshugupta/DemoSystem/Enterprise-Component/bin/ec/libraries/cfgRdr/cfgRdr.q loaded
INFO  2015.02.09 19:56:50.882 sl    - qsl/handle.q library already loaded
INFO  2015.02.09 19:56:50.882 sl    - qsl/sub.q library already loaded
INFO  2015.02.09 19:56:50.882 sl    - Loading qsl/store.q library...
INFO  2015.02.09 19:56:50.893 sl    - /Users/himanshugupta/DemoSystem/Enterprise-Component/bin/ec/libraries/qsl/store.q loaded
INFO  2015.02.09 19:56:50.893 cr    - Parsing qsd files
INFO  2015.02.09 19:56:50.950 cr    - Parsing cfg files
INFO  2015.02.09 19:56:51.118 rdb   - | status=`EVENT_STARTED| descr="initializing rdb component"| funcName=`.sl.main| arg=`| defVal=`| tsId=2015.02.09D19:56:51.118101000
INFO  2015.02.09 19:56:51.137 store - store initialization completed
INFO  2015.02.09 19:56:51.170 rdb   - | status=`EVENT_COMPLETED| descr="initializing rdb component"| funcName=`.sl.main| resType=101h| resCnt=1| tsId=2015.02.09D19:56:51.118321000
INFO  2015.02.09 19:56:51.180 cb    - Plugin .auth.p.pc for callback .z.pc will be always called as first one.
INFO  2015.02.09 19:56:51.180 cb    - Plugin .auth.p.po for callback .z.po will be always called as first one.
INFO  2015.02.09 19:56:51.180 auth  - uOpt in system.cfg is turned off, access for all users is granted. Audit view will be enabled only for users defined in access.cfg
INFO  2015.02.09 19:56:51.182 sub   - | status=`EVENT_COMPLETED| descr="Reading subscription configuration for dist server"| funcName=`.sub.readCfg| resType=101h| resCnt=1| tsId=2015.02.09D19:56:51.180504000
INFO  2015.02.09 19:56:51.182 sub   - | status=`EVENT_COMPLETED| descr="Auto initialization of subscription basing on dataflow configuration"| funcName=`.sub.init| resType=101h| resCnt=1| tsId=2015.02.09D19:56:51.182485000
INFO  2015.02.09 19:56:51.185 sub   - Initializing PROTOCOL_TICKHFcallbacks for :`sub`upd`jUpd
INFO  2015.02.09 19:56:51.186 sub   - | status=`EVENT_STARTED| descr="garbage collection"| funcName=`.Q.gc| arg=()| defVal=`| tsId=2015.02.09D19:56:51.186675000
INFO  2015.02.09 19:56:51.187 sub   - | status=`EVENT_COMPLETED| descr="garbage collection"| funcName=`.Q.gc| resType=-7h| resCnt=1| tsId=2015.02.09D19:56:51.186881000
INFO  2015.02.09 19:56:51.188 sub   - | status=`EVENT_STARTED| descr="sub[x;y] callback"| funcName=`sub| arg=(`core.tick;((`quote;+`time`sym`bid`bidSize`ask`askSize!(`time$();`g#`symbol$..| defVal=`| tsId=2015.02.09D19:56:51.187981000
INFO  2015.02.09 19:56:51.189 sub   - | status=`EVENT_COMPLETED| descr="sub[x;y] callback"| funcName=`sub| resType=11h| resCnt=2| tsId=2015.02.09D19:56:51.188750000
INFO  2015.02.09 19:56:51.190 sub   - | status=`EVENT_STARTED| descr="replaying the data from core.tick"| funcName=`.sub.tickHF.replayData| arg=(604;`:/Users/himanshugupta/DemoSystem/Enterprise-Component/data/core.tick//c..| defVal=`| tsId=2015.02.09D19:56:51.189766000
INFO  2015.02.09 19:56:51.190 sub   - Replaying 604 messages from: :/Users/himanshugupta/DemoSystem/Enterprise-Component/data/core.tick//core.tick2015.02.09
INFO  2015.02.09 19:56:51.196 sub   - | status=`EVENT_COMPLETED| descr="replaying the data from core.tick"| funcName=`.sub.tickHF.replayData| resType=101h| resCnt=1| tsId=2015.02.09D19:56:51.190040000
INFO  2015.02.09 19:56:51.197 sub   - | status=`EVENT_COMPLETED| descr="Auto initialization of connection to subscription sources basing on dataflow..| funcName=`.sub.hopenSrc| resType=101h| resCnt=1| tsId=2015.02.09D19:56:51.183238000
INFO  2015.02.09 19:56:51.198 rdb   - component rdb initialized with 0 fatals, 0 errors, 0 warnings
