INFO  2015.05.12 20:42:36.639 sl    - KDB+ ver: 3.2 rel: 2014.11.26 OS: l32 PID: 13740
INFO  2015.05.12 20:42:36.639 sl    - no license found
INFO  2015.05.12 20:42:36.639 sl    - user: guptah host: vt0dmkdl01 port: 17001
INFO  2015.05.12 20:42:36.639 sl    - dir: /home/guptah/EC/enterprise-components-ec-3.2.3/bin/ec/components/mock file: gen.q
INFO  2015.05.12 20:42:36.639 sl    - no command line parameters
INFO  2015.05.12 20:42:36.639 sl    - GMT: 2015.05.12T20:42:36.639 loc. time: 2015.05.12T16:42:36.639
INFO  2015.05.12 20:42:36.639 sl    - QHOME: /home/guptah/EC/enterprise-components-ec-3.2.3/bin/q
INFO  2015.05.12 20:42:36.639 sl    - Loading qsl/event.q library...
INFO  2015.05.12 20:42:36.640 sl    - /home/guptah/EC/enterprise-components-ec-3.2.3/bin/ec/libraries/qsl/event.q loaded
INFO  2015.05.12 20:42:36.640 sl    - Loading qsl/handle.q library...
INFO  2015.05.12 20:42:36.640 sl    -   Loading qsl/callback.q library...
INFO  2015.05.12 20:42:36.641 sl    -   /home/guptah/EC/enterprise-components-ec-3.2.3/bin/ec/libraries/qsl/callback.q loaded
INFO  2015.05.12 20:42:36.641 sl    -   qsl/timer.q library already loaded
INFO  2015.05.12 20:42:36.642 sl    - /home/guptah/EC/enterprise-components-ec-3.2.3/bin/ec/libraries/qsl/handle.q loaded
INFO  2015.05.12 20:42:36.642 sl    - Loading qsl/authorization.q library...
INFO  2015.05.12 20:42:36.644 sl    - /home/guptah/EC/enterprise-components-ec-3.2.3/bin/ec/libraries/qsl/authorization.q loaded
INFO  2015.05.12 20:42:36.644 sl    - Loading qsl/sub.q library...
INFO  2015.05.12 20:42:36.644 sl    -   Loading qsl/sub_tickHF.q library...
INFO  2015.05.12 20:42:36.644 sl    -   /home/guptah/EC/enterprise-components-ec-3.2.3/bin/ec/libraries/qsl/sub_tickHF.q loaded
INFO  2015.05.12 20:42:36.644 sl    -   Loading qsl/sub_tickLF.q library...
INFO  2015.05.12 20:42:36.644 sl    -   /home/guptah/EC/enterprise-components-ec-3.2.3/bin/ec/libraries/qsl/sub_tickLF.q loaded
INFO  2015.05.12 20:42:36.644 sl    -   Loading qsl/sub_dist.q library...
INFO  2015.05.12 20:42:36.645 sl    -   /home/guptah/EC/enterprise-components-ec-3.2.3/bin/ec/libraries/qsl/sub_dist.q loaded
INFO  2015.05.12 20:42:36.645 sl    - /home/guptah/EC/enterprise-components-ec-3.2.3/bin/ec/libraries/qsl/sub.q loaded
INFO  2015.05.12 20:42:36.645 sl    - qsl/handle.q library already loaded
INFO  2015.05.12 20:42:36.645 sl    - Loading cfgRdr/cfgRdr.q library...
INFO  2015.05.12 20:42:36.649 sl    -   Loading qsl/parseq.q library...
INFO  2015.05.12 20:42:36.651 sl    -   /home/guptah/EC/enterprise-components-ec-3.2.3/bin/ec/libraries/qsl/parseq.q loaded
INFO  2015.05.12 20:42:36.660 sl    - /home/guptah/EC/enterprise-components-ec-3.2.3/bin/ec/libraries/cfgRdr/cfgRdr.q loaded
INFO  2015.05.12 20:42:36.660 cr    - Parsing qsd files
INFO  2015.05.12 20:42:36.683 cr    - Parsing cfg files
INFO  2015.05.12 20:42:36.762 gen   - | status=`EVENT_STARTED| descr="initializing gen component"| funcName=`.sl.main| arg=`| defVal=`| tsId=2015.05.12D20:42:36.762521000
INFO  2015.05.12 20:42:37.161 gen   - using tickHF protocol, see .gen.tickHF namespace
INFO  2015.05.12 20:42:37.161 tmr   - starting timer for function quote period 5000 id quote
INFO  2015.05.12 20:42:37.161 tmr   - timer frequency increased by a factor of 2
INFO  2015.05.12 20:42:37.161 tmr   - added callback, system timer 5000 ms 
INFO  2015.05.12 20:42:37.161 tmr   - starting timer for function trade period 5000 id trade
INFO  2015.05.12 20:42:37.161 tmr   - added callback, system timer 5000 ms 
INFO  2015.05.12 20:42:37.161 tmr   - scheduling .gen.tickHF.pubEod to run at 00:00:00.000
INFO  2015.05.12 20:42:37.161 tmr   - starting timer for function .tmr.p.runAtFunpubEodTrigger period 10000 id pubEodTrigger
INFO  2015.05.12 20:42:37.161 tmr   - added callback, system timer 5000 ms 
INFO  2015.05.12 20:42:37.161 gen   - | status=`EVENT_COMPLETED| descr="initializing gen component"| funcName=`.sl.main| resType=101h| resCnt=1| tsId=2015.05.12D20:42:36.762616000
INFO  2015.05.12 20:42:37.173 cb    - Plugin .auth.p.pc for callback .z.pc will be always called as first one.
INFO  2015.05.12 20:42:37.173 cb    - Plugin .auth.p.po for callback .z.po will be always called as first one.
INFO  2015.05.12 20:42:37.174 auth  - uOpt in system.cfg is turned off, access for all users is granted. Audit view will be enabled only for users defined in access.cfg
INFO  2015.05.12 20:42:37.182 sub   - | status=`EVENT_COMPLETED| descr="Reading subscription configuration for dist server"| funcName=`.sub.readCfg| resType=101h| resCnt=1| tsId=2015.05.12D20:42:37.174198000
INFO  2015.05.12 20:42:37.183 sub   - | status=`EVENT_COMPLETED| descr="Auto initialization of subscription basing on dataflow configuration"| funcName=`.sub.init| resType=0h| resCnt=0| tsId=2015.05.12D20:42:37.182978000
INFO  2015.05.12 20:42:37.183 sub   - | status=`EVENT_COMPLETED| descr="Auto initialization of connection to subscription sources basing on dataflow..| funcName=`.sub.hopenSrc| resType=0h| resCnt=0| tsId=2015.05.12D20:42:37.183349000
INFO  2015.05.12 20:42:37.183 gen   - component gen initialized with 0 fatals, 0 errors, 0 warnings
INFO  2015.05.13 00:00:07.195 gen   - No eod action for tickHF
INFO  2015.05.13 01:00:07.192 sl    -  log continues in /home/guptah/EC/enterprise-components-ec-3.2.3/log/stocks.gen/stocks.gen.2015.05.13T01.00.07.log
