INFO  2015.05.12 21:48:38.741 sl    - KDB+ ver: 3.2 rel: 2014.11.26 OS: l32 PID: 14038
INFO  2015.05.12 21:48:38.741 sl    - no license found
INFO  2015.05.12 21:48:38.741 sl    - user: guptah host: vt0dmkdl01 port: 17013
INFO  2015.05.12 21:48:38.741 sl    - dir: /home/guptah/EC/enterprise-components-ec-3.2.3/bin/ec/components/rdb file: rdb.q
INFO  2015.05.12 21:48:38.741 sl    - no command line parameters
INFO  2015.05.12 21:48:38.741 sl    - GMT: 2015.05.12T21:48:38.741 loc. time: 2015.05.12T17:48:38.741
INFO  2015.05.12 21:48:38.741 sl    - QHOME: /home/guptah/EC/enterprise-components-ec-3.2.3/bin/q
INFO  2015.05.12 21:48:38.741 sl    - Loading qsl/event.q library...
INFO  2015.05.12 21:48:38.742 sl    - /home/guptah/EC/enterprise-components-ec-3.2.3/bin/ec/libraries/qsl/event.q loaded
INFO  2015.05.12 21:48:38.742 sl    - Loading qsl/handle.q library...
INFO  2015.05.12 21:48:38.742 sl    -   Loading qsl/callback.q library...
INFO  2015.05.12 21:48:38.742 sl    -   /home/guptah/EC/enterprise-components-ec-3.2.3/bin/ec/libraries/qsl/callback.q loaded
INFO  2015.05.12 21:48:38.743 sl    -   qsl/timer.q library already loaded
INFO  2015.05.12 21:48:38.744 sl    - /home/guptah/EC/enterprise-components-ec-3.2.3/bin/ec/libraries/qsl/handle.q loaded
INFO  2015.05.12 21:48:38.744 sl    - Loading qsl/authorization.q library...
INFO  2015.05.12 21:48:38.745 sl    - /home/guptah/EC/enterprise-components-ec-3.2.3/bin/ec/libraries/qsl/authorization.q loaded
INFO  2015.05.12 21:48:38.745 sl    - Loading qsl/sub.q library...
INFO  2015.05.12 21:48:38.745 sl    -   Loading qsl/sub_tickHF.q library...
INFO  2015.05.12 21:48:38.746 sl    -   /home/guptah/EC/enterprise-components-ec-3.2.3/bin/ec/libraries/qsl/sub_tickHF.q loaded
INFO  2015.05.12 21:48:38.746 sl    -   Loading qsl/sub_tickLF.q library...
INFO  2015.05.12 21:48:38.746 sl    -   /home/guptah/EC/enterprise-components-ec-3.2.3/bin/ec/libraries/qsl/sub_tickLF.q loaded
INFO  2015.05.12 21:48:38.746 sl    -   Loading qsl/sub_dist.q library...
INFO  2015.05.12 21:48:38.747 sl    -   /home/guptah/EC/enterprise-components-ec-3.2.3/bin/ec/libraries/qsl/sub_dist.q loaded
INFO  2015.05.12 21:48:38.747 sl    - /home/guptah/EC/enterprise-components-ec-3.2.3/bin/ec/libraries/qsl/sub.q loaded
INFO  2015.05.12 21:48:38.747 sl    - Loading cfgRdr/cfgRdr.q library...
INFO  2015.05.12 21:48:38.759 sl    -   Loading qsl/parseq.q library...
INFO  2015.05.12 21:48:38.768 sl    -   /home/guptah/EC/enterprise-components-ec-3.2.3/bin/ec/libraries/qsl/parseq.q loaded
INFO  2015.05.12 21:48:38.795 sl    - /home/guptah/EC/enterprise-components-ec-3.2.3/bin/ec/libraries/cfgRdr/cfgRdr.q loaded
INFO  2015.05.12 21:48:38.795 sl    - qsl/handle.q library already loaded
INFO  2015.05.12 21:48:38.795 sl    - qsl/sub.q library already loaded
INFO  2015.05.12 21:48:38.795 sl    - Loading qsl/store.q library...
INFO  2015.05.12 21:48:38.796 sl    - /home/guptah/EC/enterprise-components-ec-3.2.3/bin/ec/libraries/qsl/store.q loaded
INFO  2015.05.12 21:48:38.796 cr    - Parsing qsd files
INFO  2015.05.12 21:48:38.904 cr    - Parsing cfg files
INFO  2015.05.12 21:48:39.071 rdb   - | status=`EVENT_STARTED| descr="initializing rdb component"| funcName=`.sl.main| arg=`| defVal=`| tsId=2015.05.12D21:48:39.071785000
INFO  2015.05.12 21:48:39.086 store - store initialization completed
INFO  2015.05.12 21:48:39.237 rdb   - | status=`EVENT_COMPLETED| descr="initializing rdb component"| funcName=`.sl.main| resType=101h| resCnt=1| tsId=2015.05.12D21:48:39.071882000
INFO  2015.05.12 21:48:39.242 cb    - Plugin .auth.p.pc for callback .z.pc will be always called as first one.
INFO  2015.05.12 21:48:39.242 cb    - Plugin .auth.p.po for callback .z.po will be always called as first one.
INFO  2015.05.12 21:48:39.242 auth  - uOpt in system.cfg is turned off, access for all users is granted. Audit view will be enabled only for users defined in access.cfg
INFO  2015.05.12 21:48:39.243 sub   - | status=`EVENT_COMPLETED| descr="Reading subscription configuration for dist server"| funcName=`.sub.readCfg| resType=101h| resCnt=1| tsId=2015.05.12D21:48:39.242922000
INFO  2015.05.12 21:48:39.243 sub   - | status=`EVENT_COMPLETED| descr="Auto initialization of subscription basing on dataflow configuration"| funcName=`.sub.init| resType=101h| resCnt=1| tsId=2015.05.12D21:48:39.243639000
INFO  2015.05.12 21:48:39.245 sub   - Initializing PROTOCOL_TICKHFcallbacks for :`sub`upd`jUpd
INFO  2015.05.12 21:48:39.246 sub   - | status=`EVENT_STARTED| descr="garbage collection"| funcName=`.Q.gc| arg=()| defVal=`| tsId=2015.05.12D21:48:39.246087000
INFO  2015.05.12 21:48:39.246 sub   - | status=`EVENT_COMPLETED| descr="garbage collection"| funcName=`.Q.gc| resType=-7h| resCnt=1| tsId=2015.05.12D21:48:39.246168000
INFO  2015.05.12 21:48:39.246 sub   - | status=`EVENT_STARTED| descr="sub[x;y] callback"| funcName=`sub| arg=(`futures.tick;((`quote;+`time`sym`bid`bidSize`ask`askSize!(`time$();`g#`symb..| defVal=`| tsId=2015.05.12D21:48:39.246456000
INFO  2015.05.12 21:48:39.246 sub   - | status=`EVENT_COMPLETED| descr="sub[x;y] callback"| funcName=`sub| resType=11h| resCnt=2| tsId=2015.05.12D21:48:39.246731000
INFO  2015.05.12 21:48:39.247 sub   - | status=`EVENT_STARTED| descr="replaying the data from futures.tick"| funcName=`.sub.tickHF.replayData| arg=(2;`:/home/guptah/EC/enterprise-components-ec-3.2.3/data/futures.tick//future..| defVal=`| tsId=2015.05.12D21:48:39.247026000
INFO  2015.05.12 21:48:39.247 sub   - Replaying 2 messages from: :/home/guptah/EC/enterprise-components-ec-3.2.3/data/futures.tick//futures.tick2015.05.12
INFO  2015.05.12 21:48:39.247 sub   - | status=`EVENT_COMPLETED| descr="replaying the data from futures.tick"| funcName=`.sub.tickHF.replayData| resType=101h| resCnt=1| tsId=2015.05.12D21:48:39.247130000
INFO  2015.05.12 21:48:39.247 sub   - | status=`EVENT_COMPLETED| descr="Auto initialization of connection to subscription sources basing on dataflow..| funcName=`.sub.hopenSrc| resType=101h| resCnt=1| tsId=2015.05.12D21:48:39.243994000
INFO  2015.05.12 21:48:39.248 rdb   - component rdb initialized with 0 fatals, 0 errors, 0 warnings
