INFO  2015.05.12 21:48:38.873 sl    - KDB+ ver: 3.2 rel: 2014.11.26 OS: l32 PID: 14044
INFO  2015.05.12 21:48:38.873 sl    - no license found
INFO  2015.05.12 21:48:38.873 sl    - user: guptah host: vt0dmkdl01 port: 17014
INFO  2015.05.12 21:48:38.873 sl    - dir: /home/guptah/EC/enterprise-components-ec-3.2.3/bin/ec/components/hdb file: hdb.q
INFO  2015.05.12 21:48:38.873 sl    - no command line parameters
INFO  2015.05.12 21:48:38.873 sl    - GMT: 2015.05.12T21:48:38.873 loc. time: 2015.05.12T17:48:38.873
INFO  2015.05.12 21:48:38.873 sl    - QHOME: /home/guptah/EC/enterprise-components-ec-3.2.3/bin/q
INFO  2015.05.12 21:48:38.873 sl    - Loading qsl/event.q library...
INFO  2015.05.12 21:48:38.874 sl    - /home/guptah/EC/enterprise-components-ec-3.2.3/bin/ec/libraries/qsl/event.q loaded
INFO  2015.05.12 21:48:38.874 sl    - Loading qsl/handle.q library...
INFO  2015.05.12 21:48:38.874 sl    -   Loading qsl/callback.q library...
INFO  2015.05.12 21:48:38.874 sl    -   /home/guptah/EC/enterprise-components-ec-3.2.3/bin/ec/libraries/qsl/callback.q loaded
INFO  2015.05.12 21:48:38.875 sl    -   qsl/timer.q library already loaded
INFO  2015.05.12 21:48:38.876 sl    - /home/guptah/EC/enterprise-components-ec-3.2.3/bin/ec/libraries/qsl/handle.q loaded
INFO  2015.05.12 21:48:38.876 sl    - Loading qsl/authorization.q library...
INFO  2015.05.12 21:48:38.877 sl    - /home/guptah/EC/enterprise-components-ec-3.2.3/bin/ec/libraries/qsl/authorization.q loaded
INFO  2015.05.12 21:48:38.877 sl    - Loading qsl/sub.q library...
INFO  2015.05.12 21:48:38.877 sl    -   Loading qsl/sub_tickHF.q library...
INFO  2015.05.12 21:48:38.878 sl    -   /home/guptah/EC/enterprise-components-ec-3.2.3/bin/ec/libraries/qsl/sub_tickHF.q loaded
INFO  2015.05.12 21:48:38.878 sl    -   Loading qsl/sub_tickLF.q library...
INFO  2015.05.12 21:48:38.878 sl    -   /home/guptah/EC/enterprise-components-ec-3.2.3/bin/ec/libraries/qsl/sub_tickLF.q loaded
INFO  2015.05.12 21:48:38.878 sl    -   Loading qsl/sub_dist.q library...
INFO  2015.05.12 21:48:38.879 sl    -   /home/guptah/EC/enterprise-components-ec-3.2.3/bin/ec/libraries/qsl/sub_dist.q loaded
INFO  2015.05.12 21:48:38.879 sl    - /home/guptah/EC/enterprise-components-ec-3.2.3/bin/ec/libraries/qsl/sub.q loaded
INFO  2015.05.12 21:48:38.879 sl    - Loading cfgRdr/cfgRdr.q library...
INFO  2015.05.12 21:48:38.898 sl    -   Loading qsl/parseq.q library...
INFO  2015.05.12 21:48:38.910 sl    -   /home/guptah/EC/enterprise-components-ec-3.2.3/bin/ec/libraries/qsl/parseq.q loaded
INFO  2015.05.12 21:48:38.936 sl    - /home/guptah/EC/enterprise-components-ec-3.2.3/bin/ec/libraries/cfgRdr/cfgRdr.q loaded
INFO  2015.05.12 21:48:38.937 cr    - Parsing qsd files
INFO  2015.05.12 21:48:39.004 cr    - Parsing cfg files
INFO  2015.05.12 21:48:39.133 hdb   - | status=`EVENT_STARTED| descr="initializing hdb component"| funcName=`.sl.main| arg=`| defVal=`| tsId=2015.05.12D21:48:39.133365000
INFO  2015.05.12 21:48:39.135 hdb   - | status=`EVENT_STARTED| descr="hdb reloading, hdb dir:/home/guptah/EC/enterprise-components-ec-3.2.3/data/f..| funcName=`.hdb.p.reload| arg=()| defVal=`| tsId=2015.05.12D21:48:39.134911000
INFO  2015.05.12 21:48:39.135 hdb   - | status=`EVENT_COMPLETED| descr="hdb reloading, hdb dir:/home/guptah/EC/enterprise-components-ec-3.2.3/data/f..| funcName=`.hdb.p.reload| resType=101h| resCnt=1| tsId=2015.05.12D21:48:39.135051000
INFO  2015.05.12 21:48:39.135 hdb   - | status=`EVENT_COMPLETED| descr="initializing hdb component"| funcName=`.sl.main| resType=101h| resCnt=1| tsId=2015.05.12D21:48:39.133475000
INFO  2015.05.12 21:48:39.146 cb    - Plugin .auth.p.pc for callback .z.pc will be always called as first one.
INFO  2015.05.12 21:48:39.146 cb    - Plugin .auth.p.po for callback .z.po will be always called as first one.
INFO  2015.05.12 21:48:39.146 auth  - uOpt in system.cfg is turned off, access for all users is granted. Audit view will be enabled only for users defined in access.cfg
INFO  2015.05.12 21:48:39.147 sub   - | status=`EVENT_COMPLETED| descr="Reading subscription configuration for dist server"| funcName=`.sub.readCfg| resType=101h| resCnt=1| tsId=2015.05.12D21:48:39.146790000
INFO  2015.05.12 21:48:39.147 sub   - | status=`EVENT_COMPLETED| descr="Auto initialization of subscription basing on dataflow configuration"| funcName=`.sub.init| resType=0h| resCnt=0| tsId=2015.05.12D21:48:39.147493000
INFO  2015.05.12 21:48:39.147 sub   - | status=`EVENT_COMPLETED| descr="Auto initialization of connection to subscription sources basing on dataflow..| funcName=`.sub.hopenSrc| resType=0h| resCnt=0| tsId=2015.05.12D21:48:39.147771000
INFO  2015.05.12 21:48:39.148 hdb   - component hdb initialized with 0 fatals, 0 errors, 0 warnings
