INFO  2015.02.09 19:47:34.418 sl    - KDB+ ver: 3.2 rel: 2014.12.05 OS: m32 PID: 27475
INFO  2015.02.09 19:47:34.418 sl    - no license found
INFO  2015.02.09 19:47:34.418 sl    - user: himanshugupta host: himanshus-macbook-pro.local port: 18012
INFO  2015.02.09 19:47:34.418 sl    - dir: /Users/himanshugupta/DemoSystem/bin/ec/components/hdb file: hdb.q
INFO  2015.02.09 19:47:34.418 sl    - no command line parameters
INFO  2015.02.09 19:47:34.418 sl    - GMT: 2015.02.09T19:47:34.418 loc. time: 2015.02.09T14:47:34.418
INFO  2015.02.09 19:47:34.418 sl    - QHOME: /Users/himanshugupta/DemoSystem/bin/q/
INFO  2015.02.09 19:47:34.418 sl    - Loading qsl/event.q library...
INFO  2015.02.09 19:47:34.420 sl    - /Users/himanshugupta/DemoSystem/bin/ec/libraries/qsl/event.q loaded
INFO  2015.02.09 19:47:34.421 sl    - Loading qsl/handle.q library...
INFO  2015.02.09 19:47:34.454 sl    -   Loading qsl/callback.q library...
INFO  2015.02.09 19:47:34.470 sl    -   /Users/himanshugupta/DemoSystem/bin/ec/libraries/qsl/callback.q loaded
INFO  2015.02.09 19:47:34.470 sl    -   qsl/timer.q library already loaded
INFO  2015.02.09 19:47:34.472 sl    - /Users/himanshugupta/DemoSystem/bin/ec/libraries/qsl/handle.q loaded
INFO  2015.02.09 19:47:34.473 sl    - Loading qsl/authorization.q library...
INFO  2015.02.09 19:47:34.477 sl    - /Users/himanshugupta/DemoSystem/bin/ec/libraries/qsl/authorization.q loaded
INFO  2015.02.09 19:47:34.477 sl    - Loading qsl/sub.q library...
INFO  2015.02.09 19:47:34.483 sl    -   Loading qsl/sub_tickHF.q library...
INFO  2015.02.09 19:47:34.484 sl    -   /Users/himanshugupta/DemoSystem/bin/ec/libraries/qsl/sub_tickHF.q loaded
INFO  2015.02.09 19:47:34.484 sl    -   Loading qsl/sub_tickLF.q library...
INFO  2015.02.09 19:47:34.485 sl    -   /Users/himanshugupta/DemoSystem/bin/ec/libraries/qsl/sub_tickLF.q loaded
INFO  2015.02.09 19:47:34.486 sl    -   Loading qsl/sub_dist.q library...
INFO  2015.02.09 19:47:34.487 sl    -   /Users/himanshugupta/DemoSystem/bin/ec/libraries/qsl/sub_dist.q loaded
INFO  2015.02.09 19:47:34.488 sl    - /Users/himanshugupta/DemoSystem/bin/ec/libraries/qsl/sub.q loaded
INFO  2015.02.09 19:47:34.488 sl    - Loading cfgRdr/cfgRdr.q library...
INFO  2015.02.09 19:47:34.529 sl    -   Loading qsl/parseq.q library...
INFO  2015.02.09 19:47:34.539 sl    -   /Users/himanshugupta/DemoSystem/bin/ec/libraries/qsl/parseq.q loaded
INFO  2015.02.09 19:47:34.556 sl    - /Users/himanshugupta/DemoSystem/bin/ec/libraries/cfgRdr/cfgRdr.q loaded
INFO  2015.02.09 19:47:34.557 cr    - Parsing qsd files
INFO  2015.02.09 19:47:34.645 cr    - Parsing cfg files
INFO  2015.02.09 19:47:34.806 hdb   - | status=`EVENT_STARTED| descr="initializing hdb component"| funcName=`.sl.main| arg=`| defVal=`| tsId=2015.02.09D19:47:34.806077000
INFO  2015.02.09 19:47:34.812 hdb   - | status=`EVENT_STARTED| descr="hdb reloading, hdb dir:/Users/himanshugupta/DemoSystem/data/core.hdb"| funcName=`.hdb.p.reload| arg=()| defVal=`| tsId=2015.02.09D19:47:34.812291000
INFO  2015.02.09 19:47:34.813 hdb   - | status=`EVENT_COMPLETED| descr="hdb reloading, hdb dir:/Users/himanshugupta/DemoSystem/data/core.hdb"| funcName=`.hdb.p.reload| resType=101h| resCnt=1| tsId=2015.02.09D19:47:34.812886000
INFO  2015.02.09 19:47:34.814 hdb   - | status=`EVENT_COMPLETED| descr="initializing hdb component"| funcName=`.sl.main| resType=101h| resCnt=1| tsId=2015.02.09D19:47:34.806295000
INFO  2015.02.09 19:47:34.826 cb    - Plugin .auth.p.pc for callback .z.pc will be always called as first one.
INFO  2015.02.09 19:47:34.826 cb    - Plugin .auth.p.po for callback .z.po will be always called as first one.
INFO  2015.02.09 19:47:34.826 auth  - uOpt in system.cfg is turned off, access for all users is granted. Audit view will be enabled only for users defined in access.cfg
INFO  2015.02.09 19:47:34.828 sub   - | status=`EVENT_COMPLETED| descr="Reading subscription configuration for dist server"| funcName=`.sub.readCfg| resType=101h| resCnt=1| tsId=2015.02.09D19:47:34.826835000
INFO  2015.02.09 19:47:34.829 sub   - | status=`EVENT_COMPLETED| descr="Auto initialization of subscription basing on dataflow configuration"| funcName=`.sub.init| resType=0h| resCnt=0| tsId=2015.02.09D19:47:34.828528000
INFO  2015.02.09 19:47:34.830 sub   - | status=`EVENT_COMPLETED| descr="Auto initialization of connection to subscription sources basing on dataflow..| funcName=`.sub.hopenSrc| resType=0h| resCnt=0| tsId=2015.02.09D19:47:34.829509000
INFO  2015.02.09 19:47:34.830 hdb   - component hdb initialized with 0 fatals, 0 errors, 0 warnings
