INFO  2015.02.09 19:48:53.146 sl    - KDB+ ver: 3.2 rel: 2014.12.05 OS: m32 PID: 27501
INFO  2015.02.09 19:48:53.146 sl    - no license found
INFO  2015.02.09 19:48:53.146 sl    - user: himanshugupta host: himanshus-macbook-pro.local port: 18012
INFO  2015.02.09 19:48:53.146 sl    - dir: /Users/himanshugupta/DemoSystem/bin/ec/components/hdb file: hdb.q
INFO  2015.02.09 19:48:53.146 sl    - no command line parameters
INFO  2015.02.09 19:48:53.146 sl    - GMT: 2015.02.09T19:48:53.146 loc. time: 2015.02.09T14:48:53.146
INFO  2015.02.09 19:48:53.146 sl    - QHOME: /Users/himanshugupta/DemoSystem/bin/q/
INFO  2015.02.09 19:48:53.146 sl    - Loading qsl/event.q library...
INFO  2015.02.09 19:48:53.147 sl    - /Users/himanshugupta/DemoSystem/bin/ec/libraries/qsl/event.q loaded
INFO  2015.02.09 19:48:53.147 sl    - Loading qsl/handle.q library...
INFO  2015.02.09 19:48:53.148 sl    -   Loading qsl/callback.q library...
INFO  2015.02.09 19:48:53.149 sl    -   /Users/himanshugupta/DemoSystem/bin/ec/libraries/qsl/callback.q loaded
INFO  2015.02.09 19:48:53.149 sl    -   qsl/timer.q library already loaded
INFO  2015.02.09 19:48:53.150 sl    - /Users/himanshugupta/DemoSystem/bin/ec/libraries/qsl/handle.q loaded
INFO  2015.02.09 19:48:53.150 sl    - Loading qsl/authorization.q library...
INFO  2015.02.09 19:48:53.152 sl    - /Users/himanshugupta/DemoSystem/bin/ec/libraries/qsl/authorization.q loaded
INFO  2015.02.09 19:48:53.152 sl    - Loading qsl/sub.q library...
INFO  2015.02.09 19:48:53.152 sl    -   Loading qsl/sub_tickHF.q library...
INFO  2015.02.09 19:48:53.152 sl    -   /Users/himanshugupta/DemoSystem/bin/ec/libraries/qsl/sub_tickHF.q loaded
INFO  2015.02.09 19:48:53.152 sl    -   Loading qsl/sub_tickLF.q library...
INFO  2015.02.09 19:48:53.153 sl    -   /Users/himanshugupta/DemoSystem/bin/ec/libraries/qsl/sub_tickLF.q loaded
INFO  2015.02.09 19:48:53.153 sl    -   Loading qsl/sub_dist.q library...
INFO  2015.02.09 19:48:53.154 sl    -   /Users/himanshugupta/DemoSystem/bin/ec/libraries/qsl/sub_dist.q loaded
INFO  2015.02.09 19:48:53.155 sl    - /Users/himanshugupta/DemoSystem/bin/ec/libraries/qsl/sub.q loaded
INFO  2015.02.09 19:48:53.155 sl    - Loading cfgRdr/cfgRdr.q library...
INFO  2015.02.09 19:48:53.161 sl    -   Loading qsl/parseq.q library...
INFO  2015.02.09 19:48:53.165 sl    -   /Users/himanshugupta/DemoSystem/bin/ec/libraries/qsl/parseq.q loaded
INFO  2015.02.09 19:48:53.175 sl    - /Users/himanshugupta/DemoSystem/bin/ec/libraries/cfgRdr/cfgRdr.q loaded
INFO  2015.02.09 19:48:53.176 cr    - Parsing qsd files
INFO  2015.02.09 19:48:53.212 cr    - Parsing cfg files
INFO  2015.02.09 19:48:53.306 hdb   - | status=`EVENT_STARTED| descr="initializing hdb component"| funcName=`.sl.main| arg=`| defVal=`| tsId=2015.02.09D19:48:53.306154000
INFO  2015.02.09 19:48:53.310 hdb   - | status=`EVENT_STARTED| descr="hdb reloading, hdb dir:/Users/himanshugupta/DemoSystem/data/core.hdb"| funcName=`.hdb.p.reload| arg=()| defVal=`| tsId=2015.02.09D19:48:53.309841000
INFO  2015.02.09 19:48:53.310 hdb   - | status=`EVENT_COMPLETED| descr="hdb reloading, hdb dir:/Users/himanshugupta/DemoSystem/data/core.hdb"| funcName=`.hdb.p.reload| resType=101h| resCnt=1| tsId=2015.02.09D19:48:53.310085000
INFO  2015.02.09 19:48:53.311 hdb   - | status=`EVENT_COMPLETED| descr="initializing hdb component"| funcName=`.sl.main| resType=101h| resCnt=1| tsId=2015.02.09D19:48:53.306315000
INFO  2015.02.09 19:48:53.319 cb    - Plugin .auth.p.pc for callback .z.pc will be always called as first one.
INFO  2015.02.09 19:48:53.319 cb    - Plugin .auth.p.po for callback .z.po will be always called as first one.
INFO  2015.02.09 19:48:53.319 auth  - uOpt in system.cfg is turned off, access for all users is granted. Audit view will be enabled only for users defined in access.cfg
INFO  2015.02.09 19:48:53.321 sub   - | status=`EVENT_COMPLETED| descr="Reading subscription configuration for dist server"| funcName=`.sub.readCfg| resType=101h| resCnt=1| tsId=2015.02.09D19:48:53.319714000
INFO  2015.02.09 19:48:53.322 sub   - | status=`EVENT_COMPLETED| descr="Auto initialization of subscription basing on dataflow configuration"| funcName=`.sub.init| resType=0h| resCnt=0| tsId=2015.02.09D19:48:53.321764000
INFO  2015.02.09 19:48:53.323 sub   - | status=`EVENT_COMPLETED| descr="Auto initialization of connection to subscription sources basing on dataflow..| funcName=`.sub.hopenSrc| resType=0h| resCnt=0| tsId=2015.02.09D19:48:53.322764000
INFO  2015.02.09 19:48:53.323 hdb   - component hdb initialized with 0 fatals, 0 errors, 0 warnings
