INFO  2015.02.09 19:48:52.932 sl    - KDB+ ver: 3.2 rel: 2014.12.05 OS: m32 PID: 27497
INFO  2015.02.09 19:48:52.932 sl    - no license found
INFO  2015.02.09 19:48:52.932 sl    - user: himanshugupta host: himanshus-macbook-pro.local port: 18010
INFO  2015.02.09 19:48:52.932 sl    - dir: /Users/himanshugupta/DemoSystem/bin/ec/components/tickHF file: tickHF.q
INFO  2015.02.09 19:48:52.932 sl    - no command line parameters
INFO  2015.02.09 19:48:52.932 sl    - GMT: 2015.02.09T19:48:52.932 loc. time: 2015.02.09T14:48:52.932
INFO  2015.02.09 19:48:52.932 sl    - QHOME: /Users/himanshugupta/DemoSystem/bin/q/
INFO  2015.02.09 19:48:52.932 sl    - Loading qsl/event.q library...
INFO  2015.02.09 19:48:52.933 sl    - /Users/himanshugupta/DemoSystem/bin/ec/libraries/qsl/event.q loaded
INFO  2015.02.09 19:48:52.933 sl    - Loading qsl/handle.q library...
INFO  2015.02.09 19:48:52.933 sl    -   Loading qsl/callback.q library...
INFO  2015.02.09 19:48:52.934 sl    -   /Users/himanshugupta/DemoSystem/bin/ec/libraries/qsl/callback.q loaded
INFO  2015.02.09 19:48:52.934 sl    -   qsl/timer.q library already loaded
INFO  2015.02.09 19:48:52.935 sl    - /Users/himanshugupta/DemoSystem/bin/ec/libraries/qsl/handle.q loaded
INFO  2015.02.09 19:48:52.936 sl    - Loading qsl/authorization.q library...
INFO  2015.02.09 19:48:52.938 sl    - /Users/himanshugupta/DemoSystem/bin/ec/libraries/qsl/authorization.q loaded
INFO  2015.02.09 19:48:52.938 sl    - Loading qsl/sub.q library...
INFO  2015.02.09 19:48:52.938 sl    -   Loading qsl/sub_tickHF.q library...
INFO  2015.02.09 19:48:52.938 sl    -   /Users/himanshugupta/DemoSystem/bin/ec/libraries/qsl/sub_tickHF.q loaded
INFO  2015.02.09 19:48:52.938 sl    -   Loading qsl/sub_tickLF.q library...
INFO  2015.02.09 19:48:52.939 sl    -   /Users/himanshugupta/DemoSystem/bin/ec/libraries/qsl/sub_tickLF.q loaded
INFO  2015.02.09 19:48:52.939 sl    -   Loading qsl/sub_dist.q library...
INFO  2015.02.09 19:48:52.939 sl    -   /Users/himanshugupta/DemoSystem/bin/ec/libraries/qsl/sub_dist.q loaded
INFO  2015.02.09 19:48:52.940 sl    - /Users/himanshugupta/DemoSystem/bin/ec/libraries/qsl/sub.q loaded
INFO  2015.02.09 19:48:52.940 sl    - Loading qsl/u.q library...
INFO  2015.02.09 19:48:52.940 sl    - /Users/himanshugupta/DemoSystem/bin/ec/libraries/qsl/u.q loaded
INFO  2015.02.09 19:48:52.940 sl    - qsl/timer.q library already loaded
INFO  2015.02.09 19:48:52.940 sl    - Loading cfgRdr/cfgRdr.q library...
INFO  2015.02.09 19:48:52.945 sl    -   Loading qsl/parseq.q library...
INFO  2015.02.09 19:48:52.950 sl    -   /Users/himanshugupta/DemoSystem/bin/ec/libraries/qsl/parseq.q loaded
INFO  2015.02.09 19:48:52.962 sl    - /Users/himanshugupta/DemoSystem/bin/ec/libraries/cfgRdr/cfgRdr.q loaded
INFO  2015.02.09 19:48:52.963 cr    - Parsing qsd files
INFO  2015.02.09 19:48:53.000 cr    - Parsing cfg files
INFO  2015.02.09 19:48:53.082 tickHF- | status=`EVENT_STARTED| descr="initializing tickHF component"| funcName=`.sl.main| arg=`| defVal=`| tsId=2015.02.09D19:48:53.082260000
INFO  2015.02.09 19:48:53.083 tickHF- Initialized tickHF in zero-latency mode. Internal timer will be set to 1000 ms
INFO  2015.02.09 19:48:53.083 tmr   - starting timer for function .tickHF.ts period 1000 id .tickHF.ts
INFO  2015.02.09 19:48:53.083 tmr   - timer frequency increased by a factor of 10
INFO  2015.02.09 19:48:53.083 tmr   - added callback, system timer 1000 ms 
INFO  2015.02.09 19:48:53.083 tickHF- Initializing tickHF process for active day 2015.02.09
INFO  2015.02.09 19:48:53.084 tickHF- Loading journal file:`:/Users/himanshugupta/DemoSystem/data/core.tick//core.tick2015.02.09, handle:10, entries:29
INFO  2015.02.09 19:48:53.084 tickHF- | status=`EVENT_COMPLETED| descr="initializing tickHF component"| funcName=`.sl.main| resType=101h| resCnt=1| tsId=2015.02.09D19:48:53.082397000
INFO  2015.02.09 19:48:53.093 cb    - Plugin .auth.p.pc for callback .z.pc will be always called as first one.
INFO  2015.02.09 19:48:53.093 cb    - Plugin .auth.p.po for callback .z.po will be always called as first one.
INFO  2015.02.09 19:48:53.093 auth  - uOpt in system.cfg is turned off, access for all users is granted. Audit view will be enabled only for users defined in access.cfg
INFO  2015.02.09 19:48:53.094 sub   - | status=`EVENT_COMPLETED| descr="Reading subscription configuration for dist server"| funcName=`.sub.readCfg| resType=101h| resCnt=1| tsId=2015.02.09D19:48:53.093907000
INFO  2015.02.09 19:48:53.095 sub   - | status=`EVENT_COMPLETED| descr="Auto initialization of subscription basing on dataflow configuration"| funcName=`.sub.init| resType=0h| resCnt=0| tsId=2015.02.09D19:48:53.095237000
INFO  2015.02.09 19:48:53.096 sub   - | status=`EVENT_COMPLETED| descr="Auto initialization of connection to subscription sources basing on dataflow..| funcName=`.sub.hopenSrc| resType=0h| resCnt=0| tsId=2015.02.09D19:48:53.096045000
INFO  2015.02.09 19:48:53.097 tickHF- component tickHF initialized with 0 fatals, 0 errors, 0 warnings
INFO  2015.02.09 19:48:53.269 u     - Subscription request on h:12i. Table:`quote. Sym:`
INFO  2015.02.09 19:48:53.269 u     - Subscription request on h:12i. Table:`trade. Sym:`
INFO  2015.02.09 19:56:49.623 u     - Removing subscription on h:12i
