INFO  2015.05.12 21:48:38.604 sl    - KDB+ ver: 3.2 rel: 2014.11.26 OS: l32 PID: 14032
INFO  2015.05.12 21:48:38.604 sl    - no license found
INFO  2015.05.12 21:48:38.604 sl    - user: guptah host: vt0dmkdl01 port: 17012
INFO  2015.05.12 21:48:38.604 sl    - dir: /home/guptah/EC/enterprise-components-ec-3.2.3/bin/ec/components/tickHF file: tickHF.q
INFO  2015.05.12 21:48:38.604 sl    - no command line parameters
INFO  2015.05.12 21:48:38.604 sl    - GMT: 2015.05.12T21:48:38.604 loc. time: 2015.05.12T17:48:38.604
INFO  2015.05.12 21:48:38.604 sl    - QHOME: /home/guptah/EC/enterprise-components-ec-3.2.3/bin/q
INFO  2015.05.12 21:48:38.604 sl    - Loading qsl/event.q library...
INFO  2015.05.12 21:48:38.605 sl    - /home/guptah/EC/enterprise-components-ec-3.2.3/bin/ec/libraries/qsl/event.q loaded
INFO  2015.05.12 21:48:38.605 sl    - Loading qsl/handle.q library...
INFO  2015.05.12 21:48:38.605 sl    -   Loading qsl/callback.q library...
INFO  2015.05.12 21:48:38.605 sl    -   /home/guptah/EC/enterprise-components-ec-3.2.3/bin/ec/libraries/qsl/callback.q loaded
INFO  2015.05.12 21:48:38.605 sl    -   qsl/timer.q library already loaded
INFO  2015.05.12 21:48:38.607 sl    - /home/guptah/EC/enterprise-components-ec-3.2.3/bin/ec/libraries/qsl/handle.q loaded
INFO  2015.05.12 21:48:38.607 sl    - Loading qsl/authorization.q library...
INFO  2015.05.12 21:48:38.608 sl    - /home/guptah/EC/enterprise-components-ec-3.2.3/bin/ec/libraries/qsl/authorization.q loaded
INFO  2015.05.12 21:48:38.608 sl    - Loading qsl/sub.q library...
INFO  2015.05.12 21:48:38.608 sl    -   Loading qsl/sub_tickHF.q library...
INFO  2015.05.12 21:48:38.609 sl    -   /home/guptah/EC/enterprise-components-ec-3.2.3/bin/ec/libraries/qsl/sub_tickHF.q loaded
INFO  2015.05.12 21:48:38.609 sl    -   Loading qsl/sub_tickLF.q library...
INFO  2015.05.12 21:48:38.609 sl    -   /home/guptah/EC/enterprise-components-ec-3.2.3/bin/ec/libraries/qsl/sub_tickLF.q loaded
INFO  2015.05.12 21:48:38.609 sl    -   Loading qsl/sub_dist.q library...
INFO  2015.05.12 21:48:38.609 sl    -   /home/guptah/EC/enterprise-components-ec-3.2.3/bin/ec/libraries/qsl/sub_dist.q loaded
INFO  2015.05.12 21:48:38.610 sl    - /home/guptah/EC/enterprise-components-ec-3.2.3/bin/ec/libraries/qsl/sub.q loaded
INFO  2015.05.12 21:48:38.610 sl    - Loading qsl/u.q library...
INFO  2015.05.12 21:48:38.610 sl    - /home/guptah/EC/enterprise-components-ec-3.2.3/bin/ec/libraries/qsl/u.q loaded
INFO  2015.05.12 21:48:38.610 sl    - qsl/timer.q library already loaded
INFO  2015.05.12 21:48:38.610 sl    - Loading cfgRdr/cfgRdr.q library...
INFO  2015.05.12 21:48:38.614 sl    -   Loading qsl/parseq.q library...
INFO  2015.05.12 21:48:38.622 sl    -   /home/guptah/EC/enterprise-components-ec-3.2.3/bin/ec/libraries/qsl/parseq.q loaded
INFO  2015.05.12 21:48:38.636 sl    - /home/guptah/EC/enterprise-components-ec-3.2.3/bin/ec/libraries/cfgRdr/cfgRdr.q loaded
INFO  2015.05.12 21:48:38.637 cr    - Parsing qsd files
INFO  2015.05.12 21:48:38.697 cr    - Parsing cfg files
INFO  2015.05.12 21:48:38.931 tickHF- | status=`EVENT_STARTED| descr="initializing tickHF component"| funcName=`.sl.main| arg=`| defVal=`| tsId=2015.05.12D21:48:38.931412000
INFO  2015.05.12 21:48:38.932 tickHF- Initialized tickHF in zero-latency mode. Internal timer will be set to 1000 ms
INFO  2015.05.12 21:48:38.932 tmr   - starting timer for function .tickHF.ts period 1000 id .tickHF.ts
INFO  2015.05.12 21:48:38.932 tmr   - timer frequency increased by a factor of 10
INFO  2015.05.12 21:48:38.932 tmr   - added callback, system timer 1000 ms 
INFO  2015.05.12 21:48:38.932 tickHF- Initializing tickHF process for active day 2015.05.12
INFO  2015.05.12 21:48:38.932 tickHF- Loading journal file:`:/home/guptah/EC/enterprise-components-ec-3.2.3/data/futures.tick//futures.tick2015.05.12, handle:6, entries:0
INFO  2015.05.12 21:48:38.932 tickHF- | status=`EVENT_COMPLETED| descr="initializing tickHF component"| funcName=`.sl.main| resType=101h| resCnt=1| tsId=2015.05.12D21:48:38.931510000
INFO  2015.05.12 21:48:38.955 cb    - Plugin .auth.p.pc for callback .z.pc will be always called as first one.
INFO  2015.05.12 21:48:38.955 cb    - Plugin .auth.p.po for callback .z.po will be always called as first one.
INFO  2015.05.12 21:48:38.955 auth  - uOpt in system.cfg is turned off, access for all users is granted. Audit view will be enabled only for users defined in access.cfg
INFO  2015.05.12 21:48:38.956 sub   - | status=`EVENT_COMPLETED| descr="Reading subscription configuration for dist server"| funcName=`.sub.readCfg| resType=101h| resCnt=1| tsId=2015.05.12D21:48:38.956115000
INFO  2015.05.12 21:48:38.957 sub   - | status=`EVENT_COMPLETED| descr="Auto initialization of subscription basing on dataflow configuration"| funcName=`.sub.init| resType=0h| resCnt=0| tsId=2015.05.12D21:48:38.956823000
INFO  2015.05.12 21:48:38.957 sub   - | status=`EVENT_COMPLETED| descr="Auto initialization of connection to subscription sources basing on dataflow..| funcName=`.sub.hopenSrc| resType=0h| resCnt=0| tsId=2015.05.12D21:48:38.957105000
INFO  2015.05.12 21:48:38.957 tickHF- component tickHF initialized with 0 fatals, 0 errors, 0 warnings
INFO  2015.05.12 21:48:39.245 u     - Subscription request on h:8i. Table:`quote. Sym:`
INFO  2015.05.12 21:48:39.246 u     - Subscription request on h:8i. Table:`trade. Sym:`
INFO  2015.05.12 21:56:28.511 u     - Removing subscription on h:8i
