INFO    [pid: 13321] 2015-04-28 11:52:00,313 guptah - start *
INFO    [pid: 13349] 2015-04-28 11:52:07,071 guptah - stop *
INFO    [pid: 13526] 2015-04-28 12:41:54,122 guptah - start *
INFO    [pid: 13552] 2015-04-28 12:41:59,258 guptah - stop *
INFO    [pid: 13556] 2015-04-28 12:42:43,530 guptah - start *
INFO    [pid: 13582] 2015-04-28 12:42:50,931 guptah - stop *
INFO    [pid: 13591] 2015-04-28 12:45:17,646 guptah - start *
INFO    [pid: 13617] 2015-04-28 12:45:21,950 guptah - info *
INFO    [pid: 13618] 2015-04-28 12:45:33,240 guptah - info *
INFO    [pid: 13620] 2015-04-28 12:45:54,160 guptah - start *
INFO    [pid: 13621] 2015-04-28 12:45:59,231 guptah - stop *
INFO    [pid: 13621] 2015-04-28 12:45:59,824 guptah - start *
INFO    [pid: 13649] 2015-04-28 12:46:03,367 guptah - info *
INFO    [pid: 13692] 2015-04-28 12:50:07,103 guptah - info stocks *
INFO    [pid: 13693] 2015-04-28 12:50:11,151 guptah - info stoc *
INFO    [pid: 13694] 2015-04-28 12:50:17,214 guptah - info fut *
ERROR   [pid: 13694] 2015-04-28 12:50:17,216 guptah - Traceback (most recent call last):
  File "__main__yak__.py", line 224, in tracked_command
  File "__main__yak__.py", line 196, in expand_to_all_components
  File "__main__yak__.py", line 206, in multi_components_command
  File "__main__yak__.py", line 180, in _get_components_list_and_params
ComponentManagerShellError: Trying to refer unmanaged group: fut
INFO    [pid: 13707] 2015-04-28 12:55:33,151 guptah - stop *
INFO    [pid: 13707] 2015-04-28 12:55:33,679 guptah - start *
INFO    [pid: 13748] 2015-04-28 12:59:20,285 guptah - stop *
INFO    [pid: 13748] 2015-04-28 12:59:20,838 guptah - start *
INFO    [pid: 13825] 2015-04-28 13:15:25,989 guptah - stop *
INFO    [pid: 13825] 2015-04-28 13:15:26,545 guptah - start *
INFO    [pid: 13852] 2015-04-28 13:15:36,660 guptah - info *
INFO    [pid: 13858] 2015-04-28 13:16:36,823 guptah - stop *
INFO    [pid: 13858] 2015-04-28 13:16:37,381 guptah - start *
INFO    [pid: 13942] 2015-04-28 13:25:38,949 guptah - stop *
INFO    [pid: 13942] 2015-04-28 13:25:39,497 guptah - start *
INFO    [pid: 13976] 2015-04-28 13:28:10,611 guptah - stop *
INFO    [pid: 13976] 2015-04-28 13:28:11,171 guptah - start *
ERROR   [pid: 13976] 2015-04-28 13:28:11,771 guptah - Traceback (most recent call last):
  File "__main__yak__.py", line 236, in _apply_command
  File "components/manager.py", line 162, in start
ComponentError: Error while executing: 'q genFutures.q -p 17009 -w 5000'
Component futures.gen finished prematurely with code 1
ERROR   [pid: 13976] 2015-04-28 13:28:11,893 guptah - Traceback (most recent call last):
  File "__main__yak__.py", line 236, in _apply_command
  File "components/manager.py", line 162, in start
ComponentError: Error while executing: 'q tickHF.q -p 17010 -w 5000'
Component futures.tick finished prematurely with code 1
ERROR   [pid: 13976] 2015-04-28 13:28:12,010 guptah - Traceback (most recent call last):
  File "__main__yak__.py", line 236, in _apply_command
  File "components/manager.py", line 162, in start
ComponentError: Error while executing: 'q rdb.q -p 17011 -w 10000'
Component futures.rdb finished prematurely with code 1
ERROR   [pid: 13976] 2015-04-28 13:28:12,122 guptah - Traceback (most recent call last):
  File "__main__yak__.py", line 236, in _apply_command
  File "components/manager.py", line 162, in start
ComponentError: Error while executing: 'q hdb.q -p 17012 -w 10000'
Component futures.hdb finished prematurely with code 1
INFO    [pid: 14014] 2015-04-28 13:30:06,629 guptah - stop *
INFO    [pid: 14014] 2015-04-28 13:30:07,084 guptah - start *
INFO    [pid: 14071] 2015-04-28 13:32:10,297 guptah - stop *
INFO    [pid: 14071] 2015-04-28 13:32:11,294 guptah - start *
INFO    [pid: 14126] 2015-04-28 13:34:19,963 guptah - stop futures
INFO    [pid: 14165] 2015-04-28 13:39:59,924 guptah - stop *
INFO    [pid: 14737] 2015-04-28 16:07:09,797 guptah - start stocks
INFO    [pid: 14763] 2015-04-28 16:07:15,452 guptah - stop *
INFO    [pid: 14768] 2015-04-28 16:08:02,643 guptah - start stocks
INFO    [pid: 14796] 2015-04-28 16:08:08,055 guptah - stop *
ERROR   [pid: 14836] 2015-04-28 16:20:56,017 guptah - Traceback (most recent call last):
  File "__main__yak__.py", line 224, in tracked_command
  File "__main__yak__.py", line 208, in multi_components_command
ComponentManagerShellError: Command: 'start' requires group, namespace or component id(s)
INFO    [pid: 14837] 2015-04-28 16:20:58,654 guptah - start *
INFO    [pid: 14890] 2015-04-28 16:21:03,354 guptah - stop *
INFO    [pid: 14931] 2015-04-28 16:24:16,100 guptah - start stocks
INFO    [pid: 14963] 2015-04-28 16:24:21,395 guptah - info *
INFO    [pid: 15016] 2015-04-28 16:45:18,536 guptah - stop stocks
INFO    [pid: 15016] 2015-04-28 16:45:19,145 guptah - start stocks
INFO    [pid: 15048] 2015-04-28 16:45:27,502 guptah - info stocks
INFO    [pid: 15066] 2015-04-28 16:47:33,747 guptah - stop *
INFO    [pid: 15066] 2015-04-28 16:47:34,414 guptah - start *
INFO    [pid: 15123] 2015-04-28 16:47:39,471 guptah - info stocks
INFO    [pid: 15143] 2015-04-28 16:53:09,222 guptah - stop *
INFO    [pid: 15187] 2015-04-28 16:55:28,846 guptah - stop stocks
INFO    [pid: 15187] 2015-04-28 16:55:28,847 guptah - start stocks
INFO    [pid: 15219] 2015-04-28 16:55:33,320 guptah - info stocks
INFO    [pid: 15330] 2015-04-28 17:24:18,666 guptah - start stocks
INFO    [pid: 15331] 2015-04-28 17:24:23,063 guptah - info stocks
INFO    [pid: 15332] 2015-04-28 17:24:27,150 guptah - stop stocks
INFO    [pid: 15332] 2015-04-28 17:24:27,810 guptah - start stocks
INFO    [pid: 15364] 2015-04-28 17:24:30,110 guptah - info stocks
INFO    [pid: 15386] 2015-04-28 17:27:26,993 guptah - stop stocks
INFO    [pid: 15386] 2015-04-28 17:27:27,658 guptah - start stocks
INFO    [pid: 15418] 2015-04-28 17:27:31,689 guptah - info stocks
INFO    [pid: 15470] 2015-04-28 17:31:37,464 guptah - stop stocks
INFO    [pid: 15470] 2015-04-28 17:31:38,026 guptah - start stocks
INFO    [pid: 15502] 2015-04-28 17:31:43,392 guptah - info stocks
INFO    [pid: 15508] 2015-04-28 17:32:18,897 guptah - info stocks
INFO    [pid: 15513] 2015-04-28 17:33:02,770 guptah - stop stocks
INFO    [pid: 15513] 2015-04-28 17:33:03,430 guptah - start stocks
INFO    [pid: 15545] 2015-04-28 17:33:07,227 guptah - info stocks
INFO    [pid: 15554] 2015-04-28 17:34:44,405 guptah - stop stocks
INFO    [pid: 15554] 2015-04-28 17:34:45,074 guptah - start stocks
INFO    [pid: 15586] 2015-04-28 17:34:47,276 guptah - info stocks
INFO    [pid: 15595] 2015-04-28 17:36:51,369 guptah - stop stocks
INFO    [pid: 15595] 2015-04-28 17:36:52,032 guptah - start stocks
INFO    [pid: 15627] 2015-04-28 17:36:54,624 guptah - info stocks
INFO    [pid: 15657] 2015-04-28 17:46:51,183 guptah - stop stocks
INFO    [pid: 15657] 2015-04-28 17:46:51,849 guptah - start stocks
INFO    [pid: 15689] 2015-04-28 17:46:55,406 guptah - info stocks
INFO    [pid: 15694] 2015-04-28 17:47:52,097 guptah - stop stocks
INFO    [pid: 15694] 2015-04-28 17:47:52,765 guptah - start stocks
INFO    [pid: 15726] 2015-04-28 17:47:55,272 guptah - info stocks
INFO    [pid: 15730] 2015-04-28 17:48:27,625 guptah - stop stocks
INFO    [pid: 16367] 2015-04-28 20:54:52,738 guptah - stop stocks
INFO    [pid: 16367] 2015-04-28 20:54:52,740 guptah - start stocks
INFO    [pid: 16402] 2015-04-28 20:55:38,674 guptah - stop *
INFO    [pid: 16407] 2015-04-28 20:56:44,340 guptah - stop stocks
INFO    [pid: 16407] 2015-04-28 20:56:44,341 guptah - start stocks
INFO    [pid: 16474] 2015-04-28 20:57:55,761 guptah - stop stocks
INFO    [pid: 16502] 2015-04-28 21:02:15,319 guptah - stop stocks
INFO    [pid: 16504] 2015-04-28 21:02:52,585 guptah - stop stocks
INFO    [pid: 16504] 2015-04-28 21:02:52,586 guptah - start stocks
INFO    [pid: 16548] 2015-04-28 21:06:11,475 guptah - stop stocks
INFO    [pid: 16548] 2015-04-28 21:06:12,036 guptah - start stocks
INFO    [pid: 16584] 2015-04-28 21:07:17,892 guptah - stop stocks
INFO    [pid: 16584] 2015-04-28 21:07:18,570 guptah - start stocks
INFO    [pid: 16620] 2015-04-28 21:08:02,188 guptah - stop stocks
INFO    [pid: 16620] 2015-04-28 21:08:02,754 guptah - start stocks
INFO    [pid: 16656] 2015-04-28 21:09:12,043 guptah - stop stocks
INFO    [pid: 16656] 2015-04-28 21:09:12,718 guptah - start stocks
INFO    [pid: 16695] 2015-04-28 21:11:18,467 guptah - stop stocks
INFO    [pid: 16695] 2015-04-28 21:11:19,128 guptah - start stocks
INFO    [pid: 16857] 2015-04-28 21:58:06,862 guptah - stop stocks
INFO    [pid: 16895] 2015-04-28 21:59:43,759 guptah - stop stocks
INFO    [pid: 16895] 2015-04-28 21:59:43,760 guptah - start stocks
INFO    [pid: 16947] 2015-04-28 22:02:14,716 guptah - stop stocks
INFO    [pid: 16947] 2015-04-28 22:02:15,387 guptah - start stocks
INFO    [pid: 16983] 2015-04-28 22:03:11,219 guptah - stop stocks
INFO    [pid: 16983] 2015-04-28 22:03:11,907 guptah - start stocks
INFO    [pid: 17017] 2015-04-28 22:03:51,207 guptah - stop stocks
INFO    [pid: 17017] 2015-04-28 22:03:51,889 guptah - start stocks
INFO    [pid: 17053] 2015-04-28 22:04:22,685 guptah - stop stocks
INFO    [pid: 17053] 2015-04-28 22:04:23,255 guptah - start stocks
INFO    [pid: 17086] 2015-04-28 22:04:47,642 guptah - info *
INFO    [pid: 17093] 2015-04-28 22:07:36,725 guptah - stop stocks
INFO    [pid: 17110] 2015-04-28 22:12:44,169 guptah - stop stocks
INFO    [pid: 17110] 2015-04-28 22:12:44,171 guptah - start stocks
INFO    [pid: 17148] 2015-04-28 22:14:09,000 guptah - stop streamAggr.q streamAggr.qsd streamMrvs.q streamMrvs.qsd stream.q stream.qsd streamSnap.q streamSnap.qsd streamWdb.q streamWdb.qsd test
ERROR   [pid: 17148] 2015-04-28 22:14:09,002 guptah - Traceback (most recent call last):
  File "__main__yak__.py", line 224, in tracked_command
  File "__main__yak__.py", line 206, in multi_components_command
  File "__main__yak__.py", line 185, in _get_components_list_and_params
ComponentManagerShellError: Trying to refer unmanaged component: streamAggr.q
INFO    [pid: 17149] 2015-04-28 22:14:12,704 guptah - stop stocks
INFO    [pid: 17153] 2015-04-28 22:15:27,680 guptah - stop stock
INFO    [pid: 17153] 2015-04-28 22:15:27,682 guptah - start stock
ERROR   [pid: 17193] 2015-04-28 22:17:20,496 guptah - Traceback (most recent call last):
  File "__main__yak__.py", line 224, in tracked_command
  File "__main__yak__.py", line 208, in multi_components_command
ComponentManagerShellError: Command: 'stop' requires group, namespace or component id(s)
INFO    [pid: 17194] 2015-04-28 22:17:23,588 guptah - stop stocks
INFO    [pid: 17194] 2015-04-28 22:17:24,268 guptah - start stocks
INFO    [pid: 17238] 2015-04-28 22:21:00,981 guptah - stop stocks
INFO    [pid: 17345] 2015-04-28 22:55:23,018 guptah - start stocks
INFO    [pid: 17381] 2015-04-28 22:56:05,589 guptah - info stocks
INFO    [pid: 17628] 2015-04-28 23:44:55,253 guptah - stop stocks
INFO    [pid: 17628] 2015-04-28 23:44:55,924 guptah - start stocks
ERROR   [pid: 17628] 2015-04-28 23:44:56,653 guptah - Traceback (most recent call last):
  File "__main__yak__.py", line 236, in _apply_command
  File "components/manager.py", line 162, in start
ComponentError: Error while executing: 'q bstats.q -p 17006 -w 10000'
Component stocks.bstats finished prematurely with code 1
INFO    [pid: 17669] 2015-04-28 23:46:18,869 guptah - stop stocks
INFO    [pid: 17669] 2015-04-28 23:46:19,553 guptah - start stocks
INFO    [pid: 17716] 2015-04-28 23:51:15,822 guptah - stop stocks
INFO    [pid: 17716] 2015-04-28 23:51:16,609 guptah - start stocks
INFO    [pid: 17754] 2015-04-28 23:52:07,132 guptah - stop stocks
INFO    [pid: 17754] 2015-04-28 23:52:07,802 guptah - start stocks
INFO    [pid: 17781] 2015-04-28 23:52:34,941 guptah - info stocks
INFO    [pid: 17793] 2015-04-28 23:53:25,791 guptah - stop stocks
INFO    [pid: 17793] 2015-04-28 23:53:26,371 guptah - start stocks
INFO    [pid: 17842] 2015-04-28 23:57:42,209 guptah - stop *
INFO    [pid: 21265] 2015-04-29 14:33:55,799 guptah - info *
INFO    [pid: 21280] 2015-04-29 14:36:48,916 guptah - stop stocks
INFO    [pid: 21280] 2015-04-29 14:36:48,917 guptah - start stocks
INFO    [pid: 21307] 2015-04-29 14:36:52,394 guptah - info stocks
INFO    [pid: 21308] 2015-04-29 14:36:58,338 guptah - info *
INFO    [pid: 21311] 2015-04-29 14:37:05,810 guptah - stop *
INFO    [pid: 21313] 2015-04-29 14:37:38,806 guptah - start stocks
INFO    [pid: 21340] 2015-04-29 14:37:42,644 guptah - start access
INFO    [pid: 21349] 2015-04-29 14:38:42,757 guptah - stop access
INFO    [pid: 21355] 2015-04-29 14:40:22,465 guptah - start access
INFO    [pid: 21423] 2015-04-29 14:44:55,400 guptah - stop access
INFO    [pid: 21423] 2015-04-29 14:44:55,615 guptah - start access
INFO    [pid: 21443] 2015-04-29 14:46:36,714 guptah - stop access
INFO    [pid: 21443] 2015-04-29 14:46:36,932 guptah - start access
INFO    [pid: 21456] 2015-04-29 14:47:52,531 guptah - stop access
INFO    [pid: 21456] 2015-04-29 14:47:52,753 guptah - start access
INFO    [pid: 21471] 2015-04-29 14:48:40,229 guptah - stop access
INFO    [pid: 21471] 2015-04-29 14:48:40,446 guptah - start access
INFO    [pid: 21487] 2015-04-29 14:49:27,237 guptah - stop access
INFO    [pid: 21487] 2015-04-29 14:49:27,468 guptah - start access
INFO    [pid: 21496] 2015-04-29 14:49:41,350 guptah - stop access
INFO    [pid: 21496] 2015-04-29 14:49:41,473 guptah - start access
INFO    [pid: 21513] 2015-04-29 14:51:39,314 guptah - stop access
INFO    [pid: 21513] 2015-04-29 14:51:39,543 guptah - start access
INFO    [pid: 21539] 2015-04-29 14:54:54,662 guptah - stop access.ap
INFO    [pid: 21539] 2015-04-29 14:54:54,777 guptah - start access.ap
INFO    [pid: 21550] 2015-04-29 14:56:54,578 guptah - stop *
INFO    [pid: 21656] 2015-04-29 15:27:53,032 guptah - info *
INFO    [pid: 21659] 2015-04-29 15:28:02,343 guptah - start stocks
INFO    [pid: 21686] 2015-04-29 15:28:09,159 guptah - start access
INFO    [pid: 21708] 2015-04-29 15:33:50,242 guptah - stop access
INFO    [pid: 21708] 2015-04-29 15:33:50,461 guptah - start access
INFO    [pid: 21725] 2015-04-29 15:38:16,340 guptah - stop *
INFO    [pid: 21803] 2015-04-29 16:00:54,410 guptah - start stocks
INFO    [pid: 21830] 2015-04-29 16:00:57,298 guptah - start access
INFO    [pid: 21874] 2015-04-29 16:07:17,194 guptah - info *
INFO    [pid: 22075] 2015-04-29 17:01:12,846 guptah - info *
INFO    [pid: 22076] 2015-04-29 17:01:19,437 guptah - stop access
INFO    [pid: 22076] 2015-04-29 17:01:19,563 guptah - start access
INFO    [pid: 22085] 2015-04-29 17:02:27,732 guptah - info *
INFO    [pid: 22223] 2015-04-29 17:47:20,100 guptah - info *
INFO    [pid: 22229] 2015-04-29 17:47:30,568 guptah - stop access.ap
INFO    [pid: 22229] 2015-04-29 17:47:30,680 guptah - start access.ap
INFO    [pid: 22270] 2015-04-29 17:48:04,106 guptah - stop access.ap
INFO    [pid: 22270] 2015-04-29 17:48:04,227 guptah - start access.ap
INFO    [pid: 22277] 2015-04-29 17:48:50,674 guptah - stop *
INFO    [pid: 25798] 2015-04-30 09:47:47,468 guptah - start stocks
INFO    [pid: 25825] 2015-04-30 09:47:50,820 guptah - start access
INFO    [pid: 25917] 2015-04-30 10:08:03,551 guptah - stop *
INFO    [pid: 26149] 2015-04-30 11:14:33,332 guptah - info *
INFO    [pid: 26150] 2015-04-30 11:14:41,659 guptah - start stocks
INFO    [pid: 26177] 2015-04-30 11:14:47,611 guptah - info *
INFO    [pid: 26223] 2015-04-30 11:16:23,056 guptah - stop stocks
INFO    [pid: 26223] 2015-04-30 11:16:23,738 guptah - start stocks
INFO    [pid: 26256] 2015-04-30 11:16:27,815 guptah - info stocks
INFO    [pid: 26260] 2015-04-30 11:16:58,577 guptah - stop stocks
INFO    [pid: 26260] 2015-04-30 11:16:59,312 guptah - start stocks
INFO    [pid: 26295] 2015-04-30 11:17:01,984 guptah - info stocks
INFO    [pid: 26331] 2015-04-30 11:26:25,076 guptah - stop *
INFO    [pid: 26390] 2015-04-30 11:35:00,762 guptah - stop stocks *
INFO    [pid: 26390] 2015-04-30 11:35:00,764 guptah - start stocks *
INFO    [pid: 26919] 2015-04-30 13:35:33,641 guptah - stop stocks
INFO    [pid: 26919] 2015-04-30 13:35:34,318 guptah - start stocks
INFO    [pid: 26952] 2015-04-30 13:35:57,632 guptah - info *
INFO    [pid: 26992] 2015-04-30 13:38:39,166 guptah - stop stocks
INFO    [pid: 26992] 2015-04-30 13:38:39,840 guptah - start stocks
INFO    [pid: 27025] 2015-04-30 13:38:43,127 guptah - info stocks
INFO    [pid: 27034] 2015-04-30 13:40:31,867 guptah - stop stocks
INFO    [pid: 27034] 2015-04-30 13:40:32,527 guptah - start stocks
INFO    [pid: 27067] 2015-04-30 13:40:35,783 guptah - info stocks
INFO    [pid: 27084] 2015-04-30 13:43:41,301 guptah - info *
INFO    [pid: 27085] 2015-04-30 13:43:45,806 guptah - stop *
INFO    [pid: 27085] 2015-04-30 13:43:47,021 guptah - start *
INFO    [pid: 27149] 2015-04-30 13:43:49,646 guptah - info *
INFO    [pid: 27152] 2015-04-30 13:44:14,061 guptah - stop futures
INFO    [pid: 27158] 2015-04-30 13:46:28,315 guptah - stop stocks
INFO    [pid: 27158] 2015-04-30 13:46:28,975 guptah - start stocks
INFO    [pid: 27222] 2015-04-30 14:00:35,233 guptah - info *
INFO    [pid: 27223] 2015-04-30 14:00:41,908 guptah - stop stocks.bstats
INFO    [pid: 27223] 2015-04-30 14:00:42,028 guptah - start stocks.bstats
INFO    [pid: 27245] 2015-04-30 14:04:47,691 guptah - stop stocks.bstats
INFO    [pid: 27245] 2015-04-30 14:04:47,802 guptah - start stocks.bstats
INFO    [pid: 27252] 2015-04-30 14:06:41,584 guptah - stop stocks.bstats
INFO    [pid: 27252] 2015-04-30 14:06:41,697 guptah - start stocks.bstats
INFO    [pid: 27257] 2015-04-30 14:07:17,803 guptah - stop stocks.bstats
INFO    [pid: 27257] 2015-04-30 14:07:17,915 guptah - start stocks.bstats
INFO    [pid: 27259] 2015-04-30 14:07:25,275 guptah - stop stocks.bstats
INFO    [pid: 27259] 2015-04-30 14:07:25,386 guptah - start stocks.bstats
INFO    [pid: 27296] 2015-04-30 14:08:25,614 guptah - stop stocks.bstats
INFO    [pid: 27296] 2015-04-30 14:08:25,727 guptah - start stocks.bstats
ERROR   [pid: 27296] 2015-04-30 14:08:25,840 guptah - Traceback (most recent call last):
  File "__main__yak__.py", line 236, in _apply_command
  File "components/manager.py", line 162, in start
ComponentError: Error while executing: 'q /home/guptah//EC/enterprise-components-ec-3.2.3/bin/ec/components/stream/bstats.q -p 17006 -w 10000'
Component stocks.bstats finished prematurely with code 1
INFO    [pid: 27299] 2015-04-30 14:08:40,926 guptah - stop stocks.bstats
INFO    [pid: 27299] 2015-04-30 14:08:40,927 guptah - start stocks.bstats
INFO    [pid: 27309] 2015-04-30 14:11:05,325 guptah - stop stocks.bstats
INFO    [pid: 27309] 2015-04-30 14:11:05,447 guptah - start stocks.bstats
INFO    [pid: 27322] 2015-04-30 14:16:06,149 guptah - stop stocks.bstats
INFO    [pid: 27322] 2015-04-30 14:16:06,268 guptah - start stocks.bstats
INFO    [pid: 27325] 2015-04-30 14:16:29,449 guptah - stop stocks.bstats
INFO    [pid: 27325] 2015-04-30 14:16:29,564 guptah - start stocks.bstats
INFO    [pid: 27332] 2015-04-30 14:18:37,472 guptah - stop stocks.bstats
INFO    [pid: 27332] 2015-04-30 14:18:37,585 guptah - start stocks.bstats
INFO    [pid: 27347] 2015-04-30 14:24:14,269 guptah - stop stocks.bstats
INFO    [pid: 27347] 2015-04-30 14:24:14,384 guptah - start stocks.bstats
ERROR   [pid: 27347] 2015-04-30 14:24:14,512 guptah - Traceback (most recent call last):
  File "__main__yak__.py", line 236, in _apply_command
  File "components/manager.py", line 162, in start
ComponentError: Error while executing: 'q /home/guptah//EC/enterprise-components-ec-3.2.3/bin/ec/components/stream/bstats.q -p 17006 -w 10000'
Component stocks.bstats finished prematurely with code 1
INFO    [pid: 27350] 2015-04-30 14:24:25,235 guptah - stop stocks.bstats
INFO    [pid: 27350] 2015-04-30 14:24:25,237 guptah - start stocks.bstats
INFO    [pid: 27355] 2015-04-30 14:25:19,960 guptah - stop stocks.bstats
INFO    [pid: 27355] 2015-04-30 14:25:20,072 guptah - start stocks.bstats
INFO    [pid: 27358] 2015-04-30 14:25:52,289 guptah - stop stocks.bstats
INFO    [pid: 27358] 2015-04-30 14:25:52,405 guptah - start stocks.bstats
INFO    [pid: 27363] 2015-04-30 14:26:54,021 guptah - stop stocks.bstats
INFO    [pid: 27363] 2015-04-30 14:26:54,134 guptah - start stocks.bstats
INFO    [pid: 27371] 2015-04-30 14:28:07,967 guptah - stop stocks.bstats
INFO    [pid: 27371] 2015-04-30 14:28:08,081 guptah - start stocks.bstats
INFO    [pid: 27382] 2015-04-30 14:32:24,018 guptah - stop stocks.bstats
INFO    [pid: 27382] 2015-04-30 14:32:24,140 guptah - start stocks.bstats
INFO    [pid: 27387] 2015-04-30 14:33:36,027 guptah - stop stocks.bstats
INFO    [pid: 27387] 2015-04-30 14:33:36,139 guptah - start stocks.bstats
INFO    [pid: 27392] 2015-04-30 14:34:07,647 guptah - stop stocks.bstats
INFO    [pid: 27392] 2015-04-30 14:34:07,759 guptah - start stocks.bstats
INFO    [pid: 27395] 2015-04-30 14:34:51,390 guptah - stop stocks.bstats
INFO    [pid: 27395] 2015-04-30 14:34:51,503 guptah - start stocks.bstats
INFO    [pid: 27448] 2015-04-30 14:41:40,821 guptah - stop stocks
INFO    [pid: 27448] 2015-04-30 14:41:41,483 guptah - start stocks
INFO    [pid: 27545] 2015-04-30 14:52:15,774 guptah - info stocks
INFO    [pid: 27646] 2015-04-30 15:12:12,145 guptah - stop *
INFO    [pid: 27849] 2015-04-30 16:13:17,040 guptah - stop stocks
INFO    [pid: 27849] 2015-04-30 16:13:17,042 guptah - start stocks
INFO    [pid: 27882] 2015-04-30 16:13:47,806 guptah - info *
INFO    [pid: 27887] 2015-04-30 16:14:39,045 guptah - stop stocks
INFO    [pid: 27887] 2015-04-30 16:14:39,714 guptah - start stocks
INFO    [pid: 27927] 2015-04-30 16:17:42,070 guptah - stop stocks
INFO    [pid: 27927] 2015-04-30 16:17:42,740 guptah - start stocks
INFO    [pid: 28081] 2015-04-30 16:53:53,937 guptah - info *
INFO    [pid: 28082] 2015-04-30 16:53:59,276 guptah - stop stocks
INFO    [pid: 28082] 2015-04-30 16:53:59,940 guptah - start stocks
INFO    [pid: 28133] 2015-04-30 16:58:02,599 guptah - start access.ap
INFO    [pid: 28163] 2015-04-30 17:01:40,775 guptah - stop access
INFO    [pid: 28163] 2015-04-30 17:01:40,888 guptah - start access
INFO    [pid: 28225] 2015-04-30 17:11:41,100 guptah - stop access
INFO    [pid: 28225] 2015-04-30 17:11:41,213 guptah - start access
INFO    [pid: 28235] 2015-04-30 17:12:12,585 guptah - stop access
INFO    [pid: 28235] 2015-04-30 17:12:12,696 guptah - start access
INFO    [pid: 28362] 2015-04-30 17:52:46,413 guptah - info *
INFO    [pid: 28363] 2015-04-30 17:52:53,969 guptah - stop stocks
INFO    [pid: 28363] 2015-04-30 17:52:54,645 guptah - start stocks
INFO    [pid: 28396] 2015-04-30 17:52:56,753 guptah - info *
INFO    [pid: 28397] 2015-04-30 17:53:00,513 guptah - stop *
INFO    [pid: 32106] 2015-05-01 10:46:26,835 guptah - start cds
ERROR   [pid: 32106] 2015-05-01 10:46:26,957 guptah - Traceback (most recent call last):
  File "__main__yak__.py", line 236, in _apply_command
  File "components/manager.py", line 162, in start
ComponentError: Error while executing: 'q feedCsv.q -libs tickLFPubvlisher.q -p 17021 -w 5000'
Component cds.feedCsv finished prematurely with code 1
INFO    [pid: 32133] 2015-05-01 10:47:55,244 guptah - start cds
ERROR   [pid: 32133] 2015-05-01 10:47:55,365 guptah - Traceback (most recent call last):
  File "__main__yak__.py", line 236, in _apply_command
  File "components/manager.py", line 162, in start
ComponentError: Error while executing: 'q feedCsv.q -libs tickLFPublisher.q -p 17021 -w 5000'
Component cds.feedCsv finished prematurely with code 1
INFO    [pid: 32145] 2015-05-01 10:49:31,439 guptah - start cds
INFO    [pid: 32152] 2015-05-01 10:49:38,335 guptah - info *
INFO    [pid: 32163] 2015-05-01 10:51:20,890 guptah - stop cds
INFO    [pid: 32163] 2015-05-01 10:51:21,346 guptah - start cds
INFO    [pid: 32189] 2015-05-01 10:51:26,265 guptah - info cds
INFO    [pid: 32196] 2015-05-01 10:52:56,792 guptah - stop cds
INFO    [pid: 32196] 2015-05-01 10:52:57,241 guptah - start cds
INFO    [pid: 32222] 2015-05-01 10:52:59,989 guptah - info cds
INFO    [pid: 32230] 2015-05-01 10:54:48,755 guptah - stop cds
INFO    [pid: 32230] 2015-05-01 10:54:49,207 guptah - start cds
INFO    [pid: 32256] 2015-05-01 10:54:51,817 guptah - info cds
INFO    [pid: 32300] 2015-05-01 10:58:45,817 guptah - stop cds
INFO    [pid: 32300] 2015-05-01 10:58:46,263 guptah - start cds
INFO    [pid: 32326] 2015-05-01 10:58:48,078 guptah - info cds
INFO    [pid: 32368] 2015-05-01 11:10:42,912 guptah - stop cds
INFO    [pid: 32368] 2015-05-01 11:10:43,361 guptah - start cds
INFO    [pid: 32394] 2015-05-01 11:10:45,968 guptah - info cds
INFO    [pid: 32401] 2015-05-01 11:12:02,675 guptah - stop cds
INFO    [pid: 32401] 2015-05-01 11:12:03,122 guptah - start cds
INFO    [pid: 32427] 2015-05-01 11:12:04,931 guptah - info cds
INFO    [pid: 32433] 2015-05-01 11:13:02,509 guptah - stop cds
INFO    [pid: 32433] 2015-05-01 11:13:02,950 guptah - start cds
INFO    [pid: 32459] 2015-05-01 11:13:04,900 guptah - info cds
INFO    [pid: 32481] 2015-05-01 11:19:07,525 guptah - stop cds
INFO    [pid: 32481] 2015-05-01 11:19:07,973 guptah - start cds
INFO    [pid: 32507] 2015-05-01 11:19:11,209 guptah - info cds
INFO    [pid: 32522] 2015-05-01 11:22:59,025 guptah - stop cds
INFO    [pid: 32522] 2015-05-01 11:22:59,465 guptah - start cds
INFO    [pid: 32552] 2015-05-01 11:23:58,210 guptah - stop cds
INFO    [pid: 32552] 2015-05-01 11:23:58,650 guptah - start cds
INFO    [pid: 32629] 2015-05-01 11:30:50,769 guptah - stop cds
INFO    [pid: 32629] 2015-05-01 11:30:51,211 guptah - start cds
INFO    [pid: 32658] 2015-05-01 11:31:11,084 guptah - info cds
INFO    [pid: 32664] 2015-05-01 11:32:53,672 guptah - stop cds
INFO    [pid: 32664] 2015-05-01 11:32:54,123 guptah - start cds
INFO    [pid: 32690] 2015-05-01 11:32:57,006 guptah - info cds
INFO    [pid: 32700] 2015-05-01 11:35:45,644 guptah - stop cds
INFO    [pid: 32700] 2015-05-01 11:35:46,102 guptah - start cds
INFO    [pid: 32726] 2015-05-01 11:35:48,151 guptah - info cds
INFO    [pid: 32741] 2015-05-01 11:40:31,118 guptah - stop cds
INFO    [pid: 32741] 2015-05-01 11:40:31,573 guptah - start cds
INFO    [pid: 32767] 2015-05-01 11:40:33,672 guptah - info cds
INFO    [pid: 303] 2015-05-01 11:40:57,239 guptah - stop cds
INFO    [pid: 303] 2015-05-01 11:40:57,687 guptah - start cds
INFO    [pid: 336] 2015-05-01 11:41:44,074 guptah - stop cds
INFO    [pid: 336] 2015-05-01 11:41:44,531 guptah - start cds
INFO    [pid: 464] 2015-05-01 12:06:39,146 guptah - stop cds
INFO    [pid: 464] 2015-05-01 12:06:40,739 guptah - start cds
INFO    [pid: 495] 2015-05-01 12:07:30,966 guptah - stop cds
INFO    [pid: 495] 2015-05-01 12:07:32,271 guptah - start cds
INFO    [pid: 524] 2015-05-01 12:08:56,310 guptah - info cds
INFO    [pid: 551] 2015-05-01 12:18:08,429 guptah - stop cds
INFO    [pid: 551] 2015-05-01 12:18:09,726 guptah - start cds
INFO    [pid: 577] 2015-05-01 12:18:14,143 guptah - info cds
INFO    [pid: 582] 2015-05-01 12:19:25,321 guptah - stop cds
INFO    [pid: 582] 2015-05-01 12:19:26,994 guptah - start cds
INFO    [pid: 609] 2015-05-01 12:19:36,925 guptah - info cds
INFO    [pid: 614] 2015-05-01 12:20:04,615 guptah - stop cds
INFO    [pid: 614] 2015-05-01 12:20:05,853 guptah - start cds
INFO    [pid: 648] 2015-05-01 12:23:07,222 guptah - stop cds
INFO    [pid: 648] 2015-05-01 12:23:08,042 guptah - start cds
INFO    [pid: 676] 2015-05-01 12:23:27,398 guptah - stop cds
INFO    [pid: 676] 2015-05-01 12:23:28,123 guptah - start cds
INFO    [pid: 704] 2015-05-01 12:23:58,763 guptah - stop cds
INFO    [pid: 704] 2015-05-01 12:23:59,596 guptah - start cds
INFO    [pid: 734] 2015-05-01 12:24:29,996 guptah - stop cds
INFO    [pid: 734] 2015-05-01 12:24:30,863 guptah - start cds
INFO    [pid: 764] 2015-05-01 12:25:29,719 guptah - stop cds
INFO    [pid: 764] 2015-05-01 12:25:30,486 guptah - start cds
INFO    [pid: 807] 2015-05-01 12:29:06,549 guptah - stop cds
INFO    [pid: 807] 2015-05-01 12:29:07,384 guptah - start cds
INFO    [pid: 924] 2015-05-01 12:37:55,712 guptah - stop cds
INFO    [pid: 924] 2015-05-01 12:37:56,396 guptah - start cds
INFO    [pid: 957] 2015-05-01 12:38:28,822 guptah - stop cds
INFO    [pid: 957] 2015-05-01 12:38:29,625 guptah - start cds
INFO    [pid: 987] 2015-05-01 12:39:09,768 guptah - stop cds
INFO    [pid: 987] 2015-05-01 12:39:10,611 guptah - start cds
INFO    [pid: 1024] 2015-05-01 12:42:00,681 guptah - stop cds
INFO    [pid: 1024] 2015-05-01 12:42:01,532 guptah - start cds
INFO    [pid: 1055] 2015-05-01 12:42:49,379 guptah - stop cds
INFO    [pid: 1055] 2015-05-01 12:42:50,240 guptah - start cds
INFO    [pid: 1085] 2015-05-01 12:43:05,980 guptah - info cds
INFO    [pid: 1091] 2015-05-01 12:44:32,112 guptah - stop cds
INFO    [pid: 1091] 2015-05-01 12:44:32,873 guptah - start cds
INFO    [pid: 1118] 2015-05-01 12:44:35,818 guptah - info cds
INFO    [pid: 1133] 2015-05-01 12:47:32,294 guptah - stop cds
INFO    [pid: 1133] 2015-05-01 12:47:33,148 guptah - start cds
INFO    [pid: 1160] 2015-05-01 12:47:36,099 guptah - info cds
INFO    [pid: 1166] 2015-05-01 12:48:37,579 guptah - stop cds
INFO    [pid: 1166] 2015-05-01 12:48:38,361 guptah - start cds
INFO    [pid: 1194] 2015-05-01 12:48:40,594 guptah - info cds
INFO    [pid: 1428] 2015-05-01 13:52:23,269 guptah - stop cds
INFO    [pid: 1428] 2015-05-01 13:52:24,832 guptah - start cds
INFO    [pid: 1456] 2015-05-01 13:52:53,092 guptah - stop cds
INFO    [pid: 1456] 2015-05-01 13:52:54,795 guptah - start cds
INFO    [pid: 1495] 2015-05-01 13:57:41,091 guptah - info cds
INFO    [pid: 1499] 2015-05-01 13:58:27,492 guptah - stop cds
INFO    [pid: 1499] 2015-05-01 13:58:29,001 guptah - start cds
INFO    [pid: 1528] 2015-05-01 13:58:58,202 guptah - stop cds
INFO    [pid: 1528] 2015-05-01 13:58:59,631 guptah - start cds
INFO    [pid: 1557] 2015-05-01 13:59:17,227 guptah - info cds
INFO    [pid: 1579] 2015-05-01 14:01:03,861 guptah - stop cds
INFO    [pid: 1579] 2015-05-01 14:01:05,589 guptah - start cds
INFO    [pid: 1645] 2015-05-01 14:01:19,290 guptah - info cds
INFO    [pid: 1660] 2015-05-01 14:03:50,520 guptah - stop cds
INFO    [pid: 1660] 2015-05-01 14:03:52,191 guptah - start cds
INFO    [pid: 1706] 2015-05-01 14:09:34,648 guptah - start cds.tick
INFO    [pid: 1707] 2015-05-01 14:09:39,910 guptah - info cds.tick
INFO    [pid: 1708] 2015-05-01 14:09:45,417 guptah - stop cds.tick
INFO    [pid: 1719] 2015-05-01 14:09:50,652 guptah - stop cds.feedCsv
INFO    [pid: 1720] 2015-05-01 14:09:55,921 guptah - start cds.tick
INFO    [pid: 1739] 2015-05-01 14:10:04,639 guptah - start cds.feedCsv
INFO    [pid: 1774] 2015-05-01 14:15:20,887 guptah - stop cds.feedCsv
INFO    [pid: 1774] 2015-05-01 14:15:21,094 guptah - start cds.feedCsv
INFO    [pid: 1783] 2015-05-01 14:15:56,338 guptah - start cds.tick
INFO    [pid: 1786] 2015-05-01 14:16:02,181 guptah - stop cds.tick
INFO    [pid: 1786] 2015-05-01 14:16:02,649 guptah - start cds.tick
INFO    [pid: 1880] 2015-05-01 14:39:30,750 guptah - stop cds
INFO    [pid: 1880] 2015-05-01 14:39:32,204 guptah - start cds
INFO    [pid: 1912] 2015-05-01 14:40:53,401 guptah - stop cds.tick
INFO    [pid: 1912] 2015-05-01 14:40:53,787 guptah - start cds.tick
INFO    [pid: 1921] 2015-05-01 14:41:03,246 guptah - stop cds
INFO    [pid: 1921] 2015-05-01 14:41:05,010 guptah - start cds
INFO    [pid: 1985] 2015-05-01 14:49:33,319 guptah - stop cds
INFO    [pid: 1985] 2015-05-01 14:49:34,880 guptah - start cds
INFO    [pid: 2043] 2015-05-01 14:59:15,473 guptah - stop cds
INFO    [pid: 2043] 2015-05-01 14:59:17,209 guptah - start cds
INFO    [pid: 2074] 2015-05-01 15:00:22,263 guptah - stop cds
INFO    [pid: 2074] 2015-05-01 15:00:23,665 guptah - start cds
INFO    [pid: 2154] 2015-05-01 15:02:52,011 guptah - stop cds
INFO    [pid: 2154] 2015-05-01 15:02:53,482 guptah - start cds
INFO    [pid: 2187] 2015-05-01 15:03:54,271 guptah - stop cds
INFO    [pid: 2187] 2015-05-01 15:03:55,811 guptah - start cds
INFO    [pid: 2375] 2015-05-01 15:34:28,654 guptah - stop cds
INFO    [pid: 2378] 2015-05-01 15:35:21,974 guptah - start cds
INFO    [pid: 2430] 2015-05-01 15:41:41,553 guptah - stop cds
INFO    [pid: 2430] 2015-05-01 15:41:43,219 guptah - start cds
INFO    [pid: 2462] 2015-05-01 15:42:09,883 guptah - info cds
INFO    [pid: 2471] 2015-05-01 15:43:06,412 guptah - stop cds
INFO    [pid: 2471] 2015-05-01 15:43:07,910 guptah - start cds
INFO    [pid: 2498] 2015-05-01 15:43:27,527 guptah - info cds
INFO    [pid: 2517] 2015-05-01 15:45:25,333 guptah - stop cds
INFO    [pid: 2517] 2015-05-01 15:45:26,952 guptah - start cds
INFO    [pid: 2548] 2015-05-01 15:45:56,444 guptah - info cds
INFO    [pid: 2557] 2015-05-01 15:48:57,030 guptah - stop cds
INFO    [pid: 2557] 2015-05-01 15:48:58,203 guptah - start cds
INFO    [pid: 2593] 2015-05-01 15:50:15,678 guptah - stop cds
INFO    [pid: 2593] 2015-05-01 15:50:17,383 guptah - start cds
INFO    [pid: 2641] 2015-05-01 15:56:37,383 guptah - stop cds
INFO    [pid: 2708] 2015-05-01 16:03:17,414 guptah - stop cds
INFO    [pid: 2708] 2015-05-01 16:03:17,416 guptah - start cds
INFO    [pid: 994] 2015-05-11 11:17:18,919 guptah - info *
ERROR   [pid: 995] 2015-05-11 11:17:23,789 guptah - Traceback (most recent call last):
  File "__main__yak__.py", line 224, in tracked_command
  File "__main__yak__.py", line 208, in multi_components_command
ComponentManagerShellError: Command: 'stop' requires group, namespace or component id(s)
INFO    [pid: 996] 2015-05-11 11:17:27,070 guptah - stop cds
INFO    [pid: 1739] 2015-05-11 14:18:36,763 guptah - start cds
INFO    [pid: 1767] 2015-05-11 14:18:40,434 guptah - info cds
INFO    [pid: 1773] 2015-05-11 14:19:59,500 guptah - stop cds
INFO    [pid: 1773] 2015-05-11 14:19:59,919 guptah - start cds
INFO    [pid: 1801] 2015-05-11 14:20:01,869 guptah - info cds
INFO    [pid: 1808] 2015-05-11 14:21:29,831 guptah - info cds
INFO    [pid: 1895] 2015-05-11 14:29:02,427 guptah - stop cds
INFO    [pid: 1895] 2015-05-11 14:29:02,853 guptah - start cds
INFO    [pid: 1921] 2015-05-11 14:29:06,123 guptah - info cds
INFO    [pid: 2198] 2015-05-11 15:20:54,059 guptah - info cds
INFO    [pid: 2199] 2015-05-11 15:20:57,146 guptah - stop cds
INFO    [pid: 2210] 2015-05-11 15:23:15,423 guptah - start cds
INFO    [pid: 2238] 2015-05-11 15:23:17,950 guptah - info cds
INFO    [pid: 2248] 2015-05-11 15:26:30,117 guptah - stop cds
INFO    [pid: 2248] 2015-05-11 15:26:30,544 guptah - start cds
INFO    [pid: 2275] 2015-05-11 15:26:47,349 guptah - info cds
INFO    [pid: 2319] 2015-05-11 15:29:16,627 guptah - info cds
INFO    [pid: 2327] 2015-05-11 15:31:09,013 guptah - stop cds
INFO    [pid: 2327] 2015-05-11 15:31:09,454 guptah - start cds
INFO    [pid: 2353] 2015-05-11 15:31:12,109 guptah - info cds
INFO    [pid: 2368] 2015-05-11 15:37:23,818 guptah - stop cds
INFO    [pid: 2368] 2015-05-11 15:37:24,247 guptah - start cds
INFO    [pid: 2395] 2015-05-11 15:37:56,243 guptah - info cds
INFO    [pid: 2409] 2015-05-11 15:41:31,122 guptah - stop cds
INFO    [pid: 2409] 2015-05-11 15:41:31,549 guptah - start cds
INFO    [pid: 2435] 2015-05-11 15:41:33,801 guptah - info cds
INFO    [pid: 2521] 2015-05-11 16:01:20,274 guptah - stop cds
INFO    [pid: 2521] 2015-05-11 16:01:20,702 guptah - start cds
INFO    [pid: 2583] 2015-05-11 16:18:33,154 guptah - stop cds
INFO    [pid: 2583] 2015-05-11 16:18:33,580 guptah - start cds
INFO    [pid: 2609] 2015-05-11 16:18:38,523 guptah - info cds
INFO    [pid: 2614] 2015-05-11 16:19:18,445 guptah - stop cds
INFO    [pid: 2614] 2015-05-11 16:19:18,872 guptah - start cds
INFO    [pid: 2647] 2015-05-11 16:20:12,111 guptah - info cds
INFO    [pid: 2703] 2015-05-11 16:26:08,930 guptah - stop cds
INFO    [pid: 2766] 2015-05-11 16:39:38,474 guptah - stop cds
INFO    [pid: 2766] 2015-05-11 16:39:38,477 guptah - start cds
INFO    [pid: 2806] 2015-05-11 16:43:23,867 guptah - stop cds
INFO    [pid: 2806] 2015-05-11 16:43:24,297 guptah - start cds
INFO    [pid: 2833] 2015-05-11 16:43:37,275 guptah - stop cds
INFO    [pid: 2833] 2015-05-11 16:43:37,701 guptah - start cds
INFO    [pid: 2862] 2015-05-11 16:44:45,774 guptah - stop cds
INFO    [pid: 2862] 2015-05-11 16:44:46,201 guptah - start cds
INFO    [pid: 2900] 2015-05-11 16:46:47,762 guptah - stop cds
INFO    [pid: 2900] 2015-05-11 16:46:48,189 guptah - start cds
INFO    [pid: 2937] 2015-05-11 16:48:11,741 guptah - stop cds
INFO    [pid: 2937] 2015-05-11 16:48:12,184 guptah - start cds
INFO    [pid: 2972] 2015-05-11 16:49:48,912 guptah - stop cds
INFO    [pid: 2972] 2015-05-11 16:49:49,339 guptah - start cds
INFO    [pid: 3013] 2015-05-11 16:52:23,166 guptah - stop cds
INFO    [pid: 3013] 2015-05-11 16:52:23,593 guptah - start cds
INFO    [pid: 3054] 2015-05-11 16:56:46,824 guptah - stop cds
INFO    [pid: 3054] 2015-05-11 16:56:47,252 guptah - start cds
INFO    [pid: 3093] 2015-05-11 16:58:05,512 guptah - info cds
INFO    [pid: 3098] 2015-05-11 16:59:10,961 guptah - stop cds
INFO    [pid: 3098] 2015-05-11 16:59:11,387 guptah - start cds
INFO    [pid: 3124] 2015-05-11 16:59:13,610 guptah - info cds
INFO    [pid: 3163] 2015-05-11 17:00:35,486 guptah - stop cds
INFO    [pid: 3163] 2015-05-11 17:00:35,905 guptah - start cds
INFO    [pid: 3189] 2015-05-11 17:00:37,547 guptah - info cds
INFO    [pid: 3216] 2015-05-11 17:04:51,908 guptah - stop cds
INFO    [pid: 3216] 2015-05-11 17:04:52,351 guptah - start cds
INFO    [pid: 3242] 2015-05-11 17:04:54,373 guptah - info cds
INFO    [pid: 3246] 2015-05-11 17:06:00,103 guptah - stop cds
INFO    [pid: 3246] 2015-05-11 17:06:00,522 guptah - start cds
INFO    [pid: 3275] 2015-05-11 17:06:43,051 guptah - stop cds
INFO    [pid: 3275] 2015-05-11 17:06:43,470 guptah - start cds
INFO    [pid: 3301] 2015-05-11 17:06:47,215 guptah - info cds
INFO    [pid: 3319] 2015-05-11 17:10:36,871 guptah - stop cds
INFO    [pid: 3319] 2015-05-11 17:10:37,302 guptah - start cds
INFO    [pid: 3345] 2015-05-11 17:10:40,287 guptah - info cds
INFO    [pid: 3355] 2015-05-11 17:11:44,449 guptah - stop cds
INFO    [pid: 3355] 2015-05-11 17:11:44,873 guptah - start cds
INFO    [pid: 3381] 2015-05-11 17:11:47,201 guptah - info cds
INFO    [pid: 3394] 2015-05-11 17:14:56,367 guptah - stop cds
INFO    [pid: 3394] 2015-05-11 17:14:56,786 guptah - start cds
INFO    [pid: 3422] 2015-05-11 17:15:03,767 guptah - info cds
INFO    [pid: 3449] 2015-05-11 17:22:55,669 guptah - stop cds
INFO    [pid: 3449] 2015-05-11 17:22:56,090 guptah - start cds
INFO    [pid: 3475] 2015-05-11 17:23:00,228 guptah - info cds
INFO    [pid: 3483] 2015-05-11 17:23:46,382 guptah - stop cds
INFO    [pid: 3483] 2015-05-11 17:23:46,801 guptah - start cds
INFO    [pid: 3519] 2015-05-11 17:25:42,659 guptah - stop cds
INFO    [pid: 3519] 2015-05-11 17:25:43,079 guptah - start cds
INFO    [pid: 3548] 2015-05-11 17:26:23,347 guptah - stop cds
INFO    [pid: 3548] 2015-05-11 17:26:23,768 guptah - start cds
INFO    [pid: 3585] 2015-05-11 17:29:00,978 guptah - stop cds
INFO    [pid: 3585] 2015-05-11 17:29:01,407 guptah - start cds
INFO    [pid: 3613] 2015-05-11 17:29:06,807 guptah - info cds
INFO    [pid: 3697] 2015-05-11 17:49:07,872 guptah - stop cds
INFO    [pid: 3697] 2015-05-11 17:49:08,293 guptah - start cds
INFO    [pid: 3733] 2015-05-11 17:51:12,557 guptah - stop cds
INFO    [pid: 3733] 2015-05-11 17:51:12,976 guptah - start cds
INFO    [pid: 3773] 2015-05-11 17:53:45,312 guptah - stop cds
INFO    [pid: 3773] 2015-05-11 17:53:45,732 guptah - start cds
INFO    [pid: 3801] 2015-05-11 17:54:02,425 guptah - info cds
INFO    [pid: 3807] 2015-05-11 17:54:39,457 guptah - stop cds
INFO    [pid: 11731] 2015-05-12 14:01:16,659 guptah - stop cds
INFO    [pid: 11731] 2015-05-12 14:01:16,661 guptah - start cds
INFO    [pid: 11767] 2015-05-12 14:02:37,597 guptah - stop cds
INFO    [pid: 11767] 2015-05-12 14:02:38,026 guptah - start cds
INFO    [pid: 11799] 2015-05-12 14:03:56,359 guptah - stop cds
INFO    [pid: 11799] 2015-05-12 14:03:56,781 guptah - start cds
INFO    [pid: 11830] 2015-05-12 14:04:57,927 guptah - stop cds
INFO    [pid: 11830] 2015-05-12 14:04:58,347 guptah - start cds
INFO    [pid: 11868] 2015-05-12 14:05:51,202 guptah - stop cds
INFO    [pid: 11868] 2015-05-12 14:05:51,621 guptah - start cds
INFO    [pid: 11901] 2015-05-12 14:06:31,513 guptah - stop cds
INFO    [pid: 11901] 2015-05-12 14:06:31,941 guptah - start cds
INFO    [pid: 12044] 2015-05-12 14:37:35,383 guptah - stop cds
INFO    [pid: 12044] 2015-05-12 14:37:35,829 guptah - start cds
INFO    [pid: 12088] 2015-05-12 14:40:15,080 guptah - stop cds
INFO    [pid: 12088] 2015-05-12 14:40:15,500 guptah - start cds
INFO    [pid: 12122] 2015-05-12 14:41:37,993 guptah - stop cds
INFO    [pid: 12122] 2015-05-12 14:41:38,414 guptah - start cds
INFO    [pid: 12155] 2015-05-12 14:42:25,985 guptah - info cds
INFO    [pid: 12162] 2015-05-12 14:43:42,269 guptah - stop cds
INFO    [pid: 12162] 2015-05-12 14:43:42,691 guptah - start cds
INFO    [pid: 12196] 2015-05-12 14:44:52,263 guptah - stop cds
INFO    [pid: 12196] 2015-05-12 14:44:52,695 guptah - start cds
INFO    [pid: 12247] 2015-05-12 14:48:54,251 guptah - stop cds
INFO    [pid: 12247] 2015-05-12 14:48:54,679 guptah - start cds
INFO    [pid: 12283] 2015-05-12 14:49:44,880 guptah - stop cds
INFO    [pid: 12283] 2015-05-12 14:49:45,306 guptah - start cds
INFO    [pid: 12317] 2015-05-12 14:50:39,594 guptah - stop cds
INFO    [pid: 12317] 2015-05-12 14:50:40,017 guptah - start cds
INFO    [pid: 12387] 2015-05-12 14:53:14,295 guptah - stop cds
INFO    [pid: 12387] 2015-05-12 14:53:14,718 guptah - start cds
INFO    [pid: 12418] 2015-05-12 14:53:59,040 guptah - stop cds
INFO    [pid: 12418] 2015-05-12 14:53:59,462 guptah - start cds
INFO    [pid: 12453] 2015-05-12 14:55:09,234 guptah - stop cds
INFO    [pid: 12453] 2015-05-12 14:55:09,654 guptah - start cds
INFO    [pid: 12527] 2015-05-12 15:11:17,707 guptah - stop cds
INFO    [pid: 12527] 2015-05-12 15:11:18,130 guptah - start cds
INFO    [pid: 12575] 2015-05-12 15:19:06,842 guptah - stop cds
INFO    [pid: 12575] 2015-05-12 15:19:07,279 guptah - start cds
INFO    [pid: 12601] 2015-05-12 15:19:12,055 guptah - info cds
INFO    [pid: 12612] 2015-05-12 15:20:17,871 guptah - stop cds
INFO    [pid: 12612] 2015-05-12 15:20:18,292 guptah - start cds
INFO    [pid: 12649] 2015-05-12 15:21:37,512 guptah - stop cds
INFO    [pid: 12649] 2015-05-12 15:21:37,943 guptah - start cds
INFO    [pid: 12719] 2015-05-12 15:23:01,338 guptah - stop cds
INFO    [pid: 12719] 2015-05-12 15:23:01,763 guptah - start cds
INFO    [pid: 12753] 2015-05-12 15:23:52,092 guptah - stop cds
INFO    [pid: 12753] 2015-05-12 15:23:52,514 guptah - start cds
INFO    [pid: 12790] 2015-05-12 15:24:47,421 guptah - stop cds
INFO    [pid: 12790] 2015-05-12 15:24:47,862 guptah - start cds
INFO    [pid: 12819] 2015-05-12 15:25:00,454 guptah - info cds
INFO    [pid: 12828] 2015-05-12 15:26:36,738 guptah - stop cds
INFO    [pid: 12828] 2015-05-12 15:26:37,157 guptah - start cds
INFO    [pid: 12854] 2015-05-12 15:26:45,314 guptah - info cds
INFO    [pid: 12856] 2015-05-12 15:27:00,788 guptah - stop cds
INFO    [pid: 12856] 2015-05-12 15:27:01,206 guptah - start cds
INFO    [pid: 12925] 2015-05-12 15:32:22,902 guptah - stop cds
INFO    [pid: 12925] 2015-05-12 15:32:23,325 guptah - start cds
INFO    [pid: 12973] 2015-05-12 15:34:53,098 guptah - info cds
INFO    [pid: 12977] 2015-05-12 15:35:04,241 guptah - stop cds
INFO    [pid: 12977] 2015-05-12 15:35:04,663 guptah - start cds
INFO    [pid: 13006] 2015-05-12 15:35:32,236 guptah - info cds
INFO    [pid: 13017] 2015-05-12 15:36:23,420 guptah - stop cds
INFO    [pid: 13017] 2015-05-12 15:36:23,854 guptah - start cds
INFO    [pid: 13066] 2015-05-12 15:39:29,867 guptah - stop cds
INFO    [pid: 13066] 2015-05-12 15:39:30,295 guptah - start cds
INFO    [pid: 13111] 2015-05-12 15:40:59,014 guptah - stop cds
INFO    [pid: 13111] 2015-05-12 15:40:59,465 guptah - start cds
INFO    [pid: 13158] 2015-05-12 15:45:43,031 guptah - stop cds
INFO    [pid: 13158] 2015-05-12 15:45:43,452 guptah - start cds
INFO    [pid: 13191] 2015-05-12 15:46:30,057 guptah - info cds
INFO    [pid: 13198] 2015-05-12 15:47:30,164 guptah - stop cds
INFO    [pid: 13198] 2015-05-12 15:47:30,586 guptah - start cds
INFO    [pid: 13224] 2015-05-12 15:47:32,603 guptah - info cds
INFO    [pid: 13239] 2015-05-12 15:49:57,528 guptah - stop cds
INFO    [pid: 13239] 2015-05-12 15:49:57,979 guptah - start cds
INFO    [pid: 13271] 2015-05-12 15:50:16,864 guptah - info cds
INFO    [pid: 13326] 2015-05-12 15:53:32,238 guptah - stop cds
INFO    [pid: 13326] 2015-05-12 15:53:32,666 guptah - start cds
INFO    [pid: 13372] 2015-05-12 15:58:38,506 guptah - stop cds
INFO    [pid: 13372] 2015-05-12 15:58:38,934 guptah - start cds
INFO    [pid: 13398] 2015-05-12 15:58:49,537 guptah - info cds
INFO    [pid: 13424] 2015-05-12 16:01:48,729 guptah - stop cds
INFO    [pid: 13424] 2015-05-12 16:01:49,157 guptah - start cds
INFO    [pid: 13453] 2015-05-12 16:02:10,831 guptah - info cds
INFO    [pid: 13457] 2015-05-12 16:02:23,336 guptah - stop cds
INFO    [pid: 13457] 2015-05-12 16:02:23,758 guptah - start cds
INFO    [pid: 13504] 2015-05-12 16:07:13,083 guptah - info cds
INFO    [pid: 13511] 2015-05-12 16:08:58,181 guptah - stop cds
INFO    [pid: 13511] 2015-05-12 16:08:58,612 guptah - start cds
INFO    [pid: 13547] 2015-05-12 16:12:02,701 guptah - info *
INFO    [pid: 13548] 2015-05-12 16:12:13,060 guptah - stop cds
INFO    [pid: 13549] 2015-05-12 16:12:28,981 guptah - start stocks
INFO    [pid: 13582] 2015-05-12 16:12:31,941 guptah - info stocks
INFO    [pid: 13589] 2015-05-12 16:15:51,445 guptah - stop *
INFO    [pid: 13601] 2015-05-12 16:17:53,144 guptah - start stocks
INFO    [pid: 13639] 2015-05-12 16:19:56,396 guptah - info stocks
INFO    [pid: 13642] 2015-05-12 16:20:02,998 guptah - start access
INFO    [pid: 13649] 2015-05-12 16:20:05,380 guptah - info access
INFO    [pid: 13710] 2015-05-12 16:34:45,318 guptah - info stocks
INFO    [pid: 13722] 2015-05-12 16:36:10,324 guptah - stop stocks
INFO    [pid: 13739] 2015-05-12 16:42:36,618 guptah - start stocks
INFO    [pid: 13772] 2015-05-12 16:42:39,953 guptah - info stocks
INFO    [pid: 14017] 2015-05-12 17:46:40,755 guptah - start stocks
INFO    [pid: 14018] 2015-05-12 17:46:47,208 guptah - info stocks
INFO    [pid: 14025] 2015-05-12 17:48:38,436 guptah - start future
INFO    [pid: 14051] 2015-05-12 17:48:43,811 guptah - info future
INFO    [pid: 14054] 2015-05-12 17:49:22,148 guptah - start access
INFO    [pid: 14055] 2015-05-12 17:49:25,525 guptah - info access
INFO    [pid: 14102] 2015-05-12 17:56:28,403 guptah - stop futures
INFO    [pid: 17754] 2015-05-13 10:41:58,164 guptah - info stock
INFO    [pid: 17764] 2015-05-13 10:43:17,886 guptah - stop stocks.bstats
INFO    [pid: 17764] 2015-05-13 10:43:17,993 guptah - start stocks.bstats
INFO    [pid: 17766] 2015-05-13 10:43:22,550 guptah - info stocks
INFO    [pid: 23851] 2015-05-14 10:05:38,674 guptah - stop stocks
INFO    [pid: 29548] 2015-05-15 12:42:46,417 guptah - info cds
INFO    [pid: 29690] 2015-05-15 13:08:38,826 guptah - start cds
INFO    [pid: 29716] 2015-05-15 13:08:41,865 guptah - info cds
INFO    [pid: 29722] 2015-05-15 13:09:20,395 guptah - stop cds
INFO    [pid: 29722] 2015-05-15 13:09:20,829 guptah - start cds
INFO    [pid: 29748] 2015-05-15 13:09:23,298 guptah - info cds
INFO    [pid: 29760] 2015-05-15 13:11:08,583 guptah - stop cds
INFO    [pid: 29760] 2015-05-15 13:11:09,012 guptah - start cds
INFO    [pid: 29788] 2015-05-15 13:11:11,935 guptah - info cds
INFO    [pid: 29804] 2015-05-15 13:15:18,239 guptah - stop cds
INFO    [pid: 29804] 2015-05-15 13:15:18,661 guptah - start cds
INFO    [pid: 29830] 2015-05-15 13:15:21,399 guptah - info cds
INFO    [pid: 29860] 2015-05-15 13:21:59,702 guptah - stop cds
INFO    [pid: 29860] 2015-05-15 13:22:00,121 guptah - start cds
INFO    [pid: 29896] 2015-05-15 13:23:31,000 guptah - stop cds
INFO    [pid: 29896] 2015-05-15 13:23:31,426 guptah - start cds
INFO    [pid: 29944] 2015-05-15 13:29:14,995 guptah - stop cds
INFO    [pid: 29944] 2015-05-15 13:29:15,425 guptah - start cds
INFO    [pid: 29979] 2015-05-15 13:30:14,365 guptah - stop cds
INFO    [pid: 29979] 2015-05-15 13:30:14,788 guptah - start cds
INFO    [pid: 30071] 2015-05-15 13:44:52,138 guptah - stop cds
INFO    [pid: 30071] 2015-05-15 13:44:52,558 guptah - start cds
INFO    [pid: 30097] 2015-05-15 13:44:56,249 guptah - info cds
INFO    [pid: 30122] 2015-05-15 13:51:39,240 guptah - stop cds
INFO    [pid: 30122] 2015-05-15 13:51:39,661 guptah - start cds
INFO    [pid: 30154] 2015-05-15 13:52:10,641 guptah - info cds
INFO    [pid: 30159] 2015-05-15 13:53:44,779 guptah - stop cds
INFO    [pid: 30159] 2015-05-15 13:53:45,204 guptah - start cds
INFO    [pid: 30199] 2015-05-15 13:57:26,052 guptah - stop cds
INFO    [pid: 30199] 2015-05-15 13:57:26,471 guptah - start cds
INFO    [pid: 30233] 2015-05-15 13:58:41,526 guptah - stop cds
INFO    [pid: 30233] 2015-05-15 13:58:41,946 guptah - start cds
INFO    [pid: 30325] 2015-05-15 14:04:16,217 guptah - stop cds
INFO    [pid: 30325] 2015-05-15 14:04:16,658 guptah - start cds
INFO    [pid: 30363] 2015-05-15 14:06:14,636 guptah - stop cds
INFO    [pid: 30363] 2015-05-15 14:06:15,062 guptah - start cds
INFO    [pid: 30422] 2015-05-15 14:14:53,751 guptah - stop cds
INFO    [pid: 30422] 2015-05-15 14:14:54,186 guptah - start cds
INFO    [pid: 30476] 2015-05-15 14:19:11,965 guptah - stop cds
INFO    [pid: 30476] 2015-05-15 14:19:12,405 guptah - start cds
ERROR   [pid: 30519] 2015-05-15 14:20:10,673 guptah - Traceback (most recent call last):
  File "__main__yak__.py", line 224, in tracked_command
  File "__main__yak__.py", line 208, in multi_components_command
ComponentManagerShellError: Command: 'stop' requires group, namespace or component id(s)
INFO    [pid: 30520] 2015-05-15 14:20:12,536 guptah - stop cds
INFO    [pid: 30520] 2015-05-15 14:20:12,974 guptah - start cds
INFO    [pid: 30561] 2015-05-15 14:21:38,011 guptah - stop cds
INFO    [pid: 30561] 2015-05-15 14:21:38,432 guptah - start cds
INFO    [pid: 30598] 2015-05-15 14:23:09,432 guptah - stop cds
INFO    [pid: 30598] 2015-05-15 14:23:09,850 guptah - start cds
INFO    [pid: 30632] 2015-05-15 14:23:53,575 guptah - stop cds
INFO    [pid: 30632] 2015-05-15 14:23:54,004 guptah - start cds
INFO    [pid: 30669] 2015-05-15 14:24:22,671 guptah - stop cds
INFO    [pid: 30669] 2015-05-15 14:24:23,106 guptah - start cds
INFO    [pid: 30724] 2015-05-15 14:26:29,244 guptah - stop cds
INFO    [pid: 30724] 2015-05-15 14:26:29,672 guptah - start cds
INFO    [pid: 30773] 2015-05-15 14:28:08,656 guptah - stop cds
INFO    [pid: 30773] 2015-05-15 14:28:09,087 guptah - start cds
INFO    [pid: 30810] 2015-05-15 14:29:00,033 guptah - stop cds
INFO    [pid: 30810] 2015-05-15 14:29:00,462 guptah - start cds
INFO    [pid: 31004] 2015-05-15 15:08:30,583 guptah - stop cds
INFO    [pid: 31013] 2015-05-15 15:09:25,545 guptah - start cds
INFO    [pid: 31047] 2015-05-15 15:10:26,716 guptah - stop cds
INFO    [pid: 31047] 2015-05-15 15:10:27,140 guptah - start cds
INFO    [pid: 31094] 2015-05-15 15:12:06,342 guptah - stop cds
INFO    [pid: 31094] 2015-05-15 15:12:06,786 guptah - start cds
INFO    [pid: 31137] 2015-05-15 15:13:58,811 guptah - stop cds
INFO    [pid: 31155] 2015-05-15 15:20:44,513 guptah - info cds
INFO    [pid: 31156] 2015-05-15 15:20:47,791 guptah - stop cds
INFO    [pid: 31156] 2015-05-15 15:20:47,793 guptah - start cds
INFO    [pid: 31187] 2015-05-15 15:21:16,273 guptah - info cds
INFO    [pid: 31194] 2015-05-15 15:21:47,931 guptah - stop cds
INFO    [pid: 31194] 2015-05-15 15:21:48,358 guptah - start cds
INFO    [pid: 31233] 2015-05-15 15:24:36,857 guptah - stop cds
INFO    [pid: 31292] 2015-05-15 15:37:12,465 guptah - start cds
INFO    [pid: 31318] 2015-05-15 15:37:27,242 guptah - info cds
INFO    [pid: 31326] 2015-05-15 15:38:18,474 guptah - stop cds
INFO    [pid: 31326] 2015-05-15 15:38:18,902 guptah - start cds
INFO    [pid: 31456] 2015-05-15 16:06:32,573 guptah - stop cds
INFO    [pid: 31695] 2015-05-15 17:27:49,609 guptah - stop *
INFO    [pid: 18076] 2015-05-19 10:31:44,759 guptah - info status
ERROR   [pid: 18076] 2015-05-19 10:31:44,761 guptah - Traceback (most recent call last):
  File "__main__yak__.py", line 224, in tracked_command
  File "__main__yak__.py", line 196, in expand_to_all_components
  File "__main__yak__.py", line 206, in multi_components_command
  File "__main__yak__.py", line 180, in _get_components_list_and_params
ComponentManagerShellError: Trying to refer unmanaged group: status
INFO    [pid: 18117] 2015-05-19 10:35:15,614 guptah - info *
