INFO    [pid: 27404] 2015-02-09 14:41:38,553 himanshugupta - info *
ERROR   [pid: 27413] 2015-02-09 14:42:47,025 himanshugupta - Traceback (most recent call last):
  File "<string>", line 224, in tracked_command
  File "<string>", line 208, in multi_components_command
ComponentManagerShellError: Command: 'start' requires group, namespace or component id(s)
INFO    [pid: 27415] 2015-02-09 14:42:50,558 himanshugupta - start *
INFO    [pid: 27424] 2015-02-09 14:43:06,898 himanshugupta - info *
INFO    [pid: 27436] 2015-02-09 14:44:29,234 himanshugupta - console core.gen
ERROR   [pid: 27436] 2015-02-09 14:44:29,254 himanshugupta - Traceback (most recent call last):
  File "<string>", line 224, in tracked_command
  File "<string>", line 218, in single_component_command
  File "<string>", line 354, in do_console
  File "/Users/cxode/dev/yak/build/yak/out00-PYZ.pyz/components.manager", line 208, in console
  File "/Users/cxode/dev/yak/build/yak/out00-PYZ.pyz/components.q", line 98, in interactive
ComponentError: Component core.gen finished prematurely with code 1
INFO    [pid: 27445] 2015-02-09 14:45:57,598 himanshugupta - console core.gen
ERROR   [pid: 27445] 2015-02-09 14:45:57,607 himanshugupta - Traceback (most recent call last):
  File "<string>", line 224, in tracked_command
  File "<string>", line 218, in single_component_command
  File "<string>", line 354, in do_console
  File "/Users/cxode/dev/yak/build/yak/out00-PYZ.pyz/components.manager", line 208, in console
  File "/Users/cxode/dev/yak/build/yak/out00-PYZ.pyz/components.q", line 98, in interactive
ComponentError: Component core.gen finished prematurely with code 1
INFO    [pid: 27449] 2015-02-09 14:46:02,528 himanshugupta - stop *
INFO    [pid: 27452] 2015-02-09 14:46:07,841 himanshugupta - console core.gen
ERROR   [pid: 27452] 2015-02-09 14:46:07,863 himanshugupta - Traceback (most recent call last):
  File "<string>", line 224, in tracked_command
  File "<string>", line 218, in single_component_command
  File "<string>", line 354, in do_console
  File "/Users/cxode/dev/yak/build/yak/out00-PYZ.pyz/components.manager", line 208, in console
  File "/Users/cxode/dev/yak/build/yak/out00-PYZ.pyz/components.q", line 98, in interactive
ComponentError: Component core.gen finished prematurely with code 1
INFO    [pid: 27471] 2015-02-09 14:47:33,689 himanshugupta - start *
INFO    [pid: 27488] 2015-02-09 14:47:58,289 himanshugupta - stop *
INFO    [pid: 27494] 2015-02-09 14:48:52,803 himanshugupta - start *
INFO    [pid: 27505] 2015-02-09 14:48:57,002 himanshugupta - info *
INFO    [pid: 27614] 2015-02-09 14:56:49,516 himanshugupta - stop *
INFO    [pid: 27614] 2015-02-09 14:56:49,941 himanshugupta - start *
