INFO  2015.02.09 19:47:34.419 sl    - KDB+ ver: 3.2 rel: 2014.12.05 OS: m32 PID: 27472
INFO  2015.02.09 19:47:34.419 sl    - no license found
INFO  2015.02.09 19:47:34.419 sl    - user: himanshugupta host: himanshus-macbook-pro.local port: 18009
INFO  2015.02.09 19:47:34.419 sl    - dir: /Users/himanshugupta/DemoSystem/bin/ec/components/mock file: gen.q
INFO  2015.02.09 19:47:34.419 sl    - no command line parameters
INFO  2015.02.09 19:47:34.419 sl    - GMT: 2015.02.09T19:47:34.419 loc. time: 2015.02.09T14:47:34.419
INFO  2015.02.09 19:47:34.419 sl    - QHOME: /Users/himanshugupta/DemoSystem/bin/q/
INFO  2015.02.09 19:47:34.419 sl    - Loading qsl/event.q library...
INFO  2015.02.09 19:47:34.421 sl    - /Users/himanshugupta/DemoSystem/bin/ec/libraries/qsl/event.q loaded
INFO  2015.02.09 19:47:34.421 sl    - Loading qsl/handle.q library...
INFO  2015.02.09 19:47:34.454 sl    -   Loading qsl/callback.q library...
INFO  2015.02.09 19:47:34.470 sl    -   /Users/himanshugupta/DemoSystem/bin/ec/libraries/qsl/callback.q loaded
INFO  2015.02.09 19:47:34.470 sl    -   qsl/timer.q library already loaded
INFO  2015.02.09 19:47:34.472 sl    - /Users/himanshugupta/DemoSystem/bin/ec/libraries/qsl/handle.q loaded
INFO  2015.02.09 19:47:34.473 sl    - Loading qsl/authorization.q library...
INFO  2015.02.09 19:47:34.477 sl    - /Users/himanshugupta/DemoSystem/bin/ec/libraries/qsl/authorization.q loaded
INFO  2015.02.09 19:47:34.477 sl    - Loading qsl/sub.q library...
INFO  2015.02.09 19:47:34.483 sl    -   Loading qsl/sub_tickHF.q library...
INFO  2015.02.09 19:47:34.484 sl    -   /Users/himanshugupta/DemoSystem/bin/ec/libraries/qsl/sub_tickHF.q loaded
INFO  2015.02.09 19:47:34.484 sl    -   Loading qsl/sub_tickLF.q library...
INFO  2015.02.09 19:47:34.485 sl    -   /Users/himanshugupta/DemoSystem/bin/ec/libraries/qsl/sub_tickLF.q loaded
INFO  2015.02.09 19:47:34.486 sl    -   Loading qsl/sub_dist.q library...
INFO  2015.02.09 19:47:34.488 sl    -   /Users/himanshugupta/DemoSystem/bin/ec/libraries/qsl/sub_dist.q loaded
INFO  2015.02.09 19:47:34.488 sl    - /Users/himanshugupta/DemoSystem/bin/ec/libraries/qsl/sub.q loaded
INFO  2015.02.09 19:47:34.488 sl    - qsl/handle.q library already loaded
INFO  2015.02.09 19:47:34.488 sl    - Loading cfgRdr/cfgRdr.q library...
INFO  2015.02.09 19:47:34.529 sl    -   Loading qsl/parseq.q library...
INFO  2015.02.09 19:47:34.539 sl    -   /Users/himanshugupta/DemoSystem/bin/ec/libraries/qsl/parseq.q loaded
INFO  2015.02.09 19:47:34.556 sl    - /Users/himanshugupta/DemoSystem/bin/ec/libraries/cfgRdr/cfgRdr.q loaded
INFO  2015.02.09 19:47:34.557 cr    - Parsing qsd files
INFO  2015.02.09 19:47:34.646 cr    - Parsing cfg files
INFO  2015.02.09 19:47:34.812 gen   - | status=`EVENT_STARTED| descr="initializing gen component"| funcName=`.sl.main| arg=`| defVal=`| tsId=2015.02.09D19:47:34.811984000
INFO  2015.02.09 19:47:34.869 gen   - using tickHF protocol, see .gen.tickHF namespace
INFO  2015.02.09 19:47:34.869 tmr   - starting timer for function quote period 1000 id quote
INFO  2015.02.09 19:47:34.869 tmr   - timer frequency increased by a factor of 10
INFO  2015.02.09 19:47:34.869 tmr   - added callback, system timer 1000 ms 
INFO  2015.02.09 19:47:34.869 tmr   - starting timer for function trade period 5000 id trade
INFO  2015.02.09 19:47:34.869 tmr   - added callback, system timer 1000 ms 
INFO  2015.02.09 19:47:34.869 tmr   - scheduling .gen.tickHF.pubEod to run at 00:00:00.000
INFO  2015.02.09 19:47:34.869 tmr   - starting timer for function .tmr.p.runAtFunpubEodTrigger period 10000 id pubEodTrigger
INFO  2015.02.09 19:47:34.869 tmr   - added callback, system timer 1000 ms 
INFO  2015.02.09 19:47:34.869 gen   - | status=`EVENT_COMPLETED| descr="initializing gen component"| funcName=`.sl.main| resType=101h| resCnt=1| tsId=2015.02.09D19:47:34.812117000
INFO  2015.02.09 19:47:34.878 cb    - Plugin .auth.p.pc for callback .z.pc will be always called as first one.
INFO  2015.02.09 19:47:34.878 cb    - Plugin .auth.p.po for callback .z.po will be always called as first one.
INFO  2015.02.09 19:47:34.878 auth  - uOpt in system.cfg is turned off, access for all users is granted. Audit view will be enabled only for users defined in access.cfg
INFO  2015.02.09 19:47:34.880 sub   - | status=`EVENT_COMPLETED| descr="Reading subscription configuration for dist server"| funcName=`.sub.readCfg| resType=101h| resCnt=1| tsId=2015.02.09D19:47:34.879314000
INFO  2015.02.09 19:47:34.881 sub   - | status=`EVENT_COMPLETED| descr="Auto initialization of subscription basing on dataflow configuration"| funcName=`.sub.init| resType=0h| resCnt=0| tsId=2015.02.09D19:47:34.880641000
INFO  2015.02.09 19:47:34.882 sub   - | status=`EVENT_COMPLETED| descr="Auto initialization of connection to subscription sources basing on dataflow..| funcName=`.sub.hopenSrc| resType=0h| resCnt=0| tsId=2015.02.09D19:47:34.881579000
INFO  2015.02.09 19:47:34.882 gen   - component gen initialized with 0 fatals, 0 errors, 0 warnings
WARN  2015.02.09 19:47:58.499 handle- Server core.tick with handle: 10 has been disconnected
INFO  2015.02.09 19:47:58.499 tmr   - starting timer for function .hnd.rec.core_tick period 1000 id .hnd.rec.core_tick
INFO  2015.02.09 19:47:58.499 tmr   - added callback, system timer 1000 ms 
INFO  2015.02.09 19:47:58.499 tmr   - timer id: quote stopped
INFO  2015.02.09 19:47:58.499 tmr   - timer id: trade stopped
