INFO  2015.05.15 19:38:18.924 sl    - KDB+ ver: 3.2 rel: 2014.11.26 OS: l32 PID: 31327
INFO  2015.05.15 19:38:18.924 sl    - no license found
INFO  2015.05.15 19:38:18.924 sl    - user: guptah host: vt0dmkdl01 port: 17022
INFO  2015.05.15 19:38:18.924 sl    - dir: /home/guptah/EC/enterprise-components-ec-3.2.3/bin/ec/components/tickLF file: tickLF.q
INFO  2015.05.15 19:38:18.924 sl    - no command line parameters
INFO  2015.05.15 19:38:18.924 sl    - GMT: 2015.05.15T19:38:18.924 loc. time: 2015.05.15T15:38:18.924
INFO  2015.05.15 19:38:18.924 sl    - QHOME: /home/guptah/EC/enterprise-components-ec-3.2.3/bin/q
INFO  2015.05.15 19:38:18.924 sl    - Loading qsl/event.q library...
INFO  2015.05.15 19:38:18.925 sl    - /home/guptah/EC/enterprise-components-ec-3.2.3/bin/ec/libraries/qsl/event.q loaded
INFO  2015.05.15 19:38:18.925 sl    - Loading qsl/handle.q library...
INFO  2015.05.15 19:38:18.925 sl    -   Loading qsl/callback.q library...
INFO  2015.05.15 19:38:18.925 sl    -   /home/guptah/EC/enterprise-components-ec-3.2.3/bin/ec/libraries/qsl/callback.q loaded
INFO  2015.05.15 19:38:18.925 sl    -   qsl/timer.q library already loaded
INFO  2015.05.15 19:38:18.927 sl    - /home/guptah/EC/enterprise-components-ec-3.2.3/bin/ec/libraries/qsl/handle.q loaded
INFO  2015.05.15 19:38:18.927 sl    - Loading qsl/authorization.q library...
INFO  2015.05.15 19:38:18.928 sl    - /home/guptah/EC/enterprise-components-ec-3.2.3/bin/ec/libraries/qsl/authorization.q loaded
INFO  2015.05.15 19:38:18.928 sl    - Loading qsl/sub.q library...
INFO  2015.05.15 19:38:18.928 sl    -   Loading qsl/sub_tickHF.q library...
INFO  2015.05.15 19:38:18.929 sl    -   /home/guptah/EC/enterprise-components-ec-3.2.3/bin/ec/libraries/qsl/sub_tickHF.q loaded
INFO  2015.05.15 19:38:18.929 sl    -   Loading qsl/sub_tickLF.q library...
INFO  2015.05.15 19:38:18.929 sl    -   /home/guptah/EC/enterprise-components-ec-3.2.3/bin/ec/libraries/qsl/sub_tickLF.q loaded
INFO  2015.05.15 19:38:18.929 sl    -   Loading qsl/sub_dist.q library...
INFO  2015.05.15 19:38:18.929 sl    -   /home/guptah/EC/enterprise-components-ec-3.2.3/bin/ec/libraries/qsl/sub_dist.q loaded
INFO  2015.05.15 19:38:18.930 sl    - /home/guptah/EC/enterprise-components-ec-3.2.3/bin/ec/libraries/qsl/sub.q loaded
INFO  2015.05.15 19:38:18.930 sl    - Loading cfgRdr/cfgRdr.q library...
INFO  2015.05.15 19:38:18.933 sl    -   Loading qsl/parseq.q library...
INFO  2015.05.15 19:38:18.936 sl    -   /home/guptah/EC/enterprise-components-ec-3.2.3/bin/ec/libraries/qsl/parseq.q loaded
INFO  2015.05.15 19:38:18.944 sl    - /home/guptah/EC/enterprise-components-ec-3.2.3/bin/ec/libraries/cfgRdr/cfgRdr.q loaded
INFO  2015.05.15 19:38:18.944 sl    - qsl/sub_tickLF.q library already loaded
INFO  2015.05.15 19:38:18.944 sl    - qsl/handle.q library already loaded
INFO  2015.05.15 19:38:18.946 cr    - Parsing qsd files
INFO  2015.05.15 19:38:18.969 cr    - Parsing cfg files
INFO  2015.05.15 19:38:19.059 tickLF- | status=`EVENT_STARTED| descr="initializing tickLF component"| funcName=`.sl.main| arg=`| defVal=`| tsId=2015.05.15D19:38:19.059139000
INFO  2015.05.15 19:38:19.063 tickLF- Loading journal file:`:/home/guptah/EC/enterprise-components-ec-3.2.3/data/cds.tick/tradeCDS/2015..., handle:6, entries:0
INFO  2015.05.15 19:38:19.063 tickLF- Set tickLF timer to 1000
INFO  2015.05.15 19:38:19.063 tmr   - starting timer for function .tickLF.p.ts period 1000 id .tickLF.p.ts
INFO  2015.05.15 19:38:19.063 tmr   - timer frequency increased by a factor of 10
INFO  2015.05.15 19:38:19.063 tmr   - added callback, system timer 1000 ms 
INFO  2015.05.15 19:38:19.063 tickLF- | status=`EVENT_COMPLETED| descr="initializing tickLF component"| funcName=`.sl.main| resType=101h| resCnt=1| tsId=2015.05.15D19:38:19.059234000
INFO  2015.05.15 19:38:19.080 cb    - Plugin .auth.p.pc for callback .z.pc will be always called as first one.
INFO  2015.05.15 19:38:19.080 cb    - Plugin .auth.p.po for callback .z.po will be always called as first one.
INFO  2015.05.15 19:38:19.081 auth  - uOpt in system.cfg is turned off, access for all users is granted. Audit view will be enabled only for users defined in access.cfg
INFO  2015.05.15 19:38:19.081 sub   - | status=`EVENT_COMPLETED| descr="Reading subscription configuration for dist server"| funcName=`.sub.readCfg| resType=101h| resCnt=1| tsId=2015.05.15D19:38:19.081206000
INFO  2015.05.15 19:38:19.082 sub   - | status=`EVENT_COMPLETED| descr="Auto initialization of subscription basing on dataflow configuration"| funcName=`.sub.init| resType=0h| resCnt=0| tsId=2015.05.15D19:38:19.081892000
INFO  2015.05.15 19:38:19.082 sub   - | status=`EVENT_COMPLETED| descr="Auto initialization of connection to subscription sources basing on dataflow..| funcName=`.sub.hopenSrc| resType=0h| resCnt=0| tsId=2015.05.15D19:38:19.082171000
INFO  2015.05.15 19:38:19.082 tickLF- component tickLF initialized with 0 fatals, 0 errors, 0 warnings
INFO  2015.05.15 19:38:19.747 tickLF- Subscription request on h:8i. Table:`tradeCDS. Sym:`
INFO  2015.05.15 20:06:32.690 tickLF- Removing subscription on h:8i
