INFO  2015.04.28 16:41:54.144 sl    - KDB+ ver: 3.2 rel: 2014.11.26 OS: l32 PID: 13527
INFO  2015.04.28 16:41:54.144 sl    - no license found
INFO  2015.04.28 16:41:54.144 sl    - user: guptah host: vt0dmkdl01 port: 17009
INFO  2015.04.28 16:41:54.144 sl    - dir: /home/guptah/EC/enterprise-components-ec-3.2.3/bin/ec/components/mock file: gen.q
INFO  2015.04.28 16:41:54.144 sl    - no command line parameters
INFO  2015.04.28 16:41:54.144 sl    - GMT: 2015.04.28T16:41:54.144 loc. time: 2015.04.28T12:41:54.144
INFO  2015.04.28 16:41:54.144 sl    - QHOME: /home/guptah/EC/enterprise-components-ec-3.2.3/bin/q/
INFO  2015.04.28 16:41:54.144 sl    - Loading qsl/event.q library...
INFO  2015.04.28 16:41:54.145 sl    - /home/guptah/EC/enterprise-components-ec-3.2.3/bin/ec/libraries/qsl/event.q loaded
INFO  2015.04.28 16:41:54.145 sl    - Loading qsl/handle.q library...
INFO  2015.04.28 16:41:54.145 sl    -   Loading qsl/callback.q library...
INFO  2015.04.28 16:41:54.146 sl    -   /home/guptah/EC/enterprise-components-ec-3.2.3/bin/ec/libraries/qsl/callback.q loaded
INFO  2015.04.28 16:41:54.146 sl    -   qsl/timer.q library already loaded
INFO  2015.04.28 16:41:54.147 sl    - /home/guptah/EC/enterprise-components-ec-3.2.3/bin/ec/libraries/qsl/handle.q loaded
INFO  2015.04.28 16:41:54.147 sl    - Loading qsl/authorization.q library...
INFO  2015.04.28 16:41:54.149 sl    - /home/guptah/EC/enterprise-components-ec-3.2.3/bin/ec/libraries/qsl/authorization.q loaded
INFO  2015.04.28 16:41:54.149 sl    - Loading qsl/sub.q library...
INFO  2015.04.28 16:41:54.149 sl    -   Loading qsl/sub_tickHF.q library...
INFO  2015.04.28 16:41:54.149 sl    -   /home/guptah/EC/enterprise-components-ec-3.2.3/bin/ec/libraries/qsl/sub_tickHF.q loaded
INFO  2015.04.28 16:41:54.149 sl    -   Loading qsl/sub_tickLF.q library...
INFO  2015.04.28 16:41:54.149 sl    -   /home/guptah/EC/enterprise-components-ec-3.2.3/bin/ec/libraries/qsl/sub_tickLF.q loaded
INFO  2015.04.28 16:41:54.149 sl    -   Loading qsl/sub_dist.q library...
INFO  2015.04.28 16:41:54.150 sl    -   /home/guptah/EC/enterprise-components-ec-3.2.3/bin/ec/libraries/qsl/sub_dist.q loaded
INFO  2015.04.28 16:41:54.150 sl    - /home/guptah/EC/enterprise-components-ec-3.2.3/bin/ec/libraries/qsl/sub.q loaded
INFO  2015.04.28 16:41:54.150 sl    - qsl/handle.q library already loaded
INFO  2015.04.28 16:41:54.150 sl    - Loading cfgRdr/cfgRdr.q library...
INFO  2015.04.28 16:41:54.154 sl    -   Loading qsl/parseq.q library...
INFO  2015.04.28 16:41:54.156 sl    -   /home/guptah/EC/enterprise-components-ec-3.2.3/bin/ec/libraries/qsl/parseq.q loaded
INFO  2015.04.28 16:41:54.164 sl    - /home/guptah/EC/enterprise-components-ec-3.2.3/bin/ec/libraries/cfgRdr/cfgRdr.q loaded
INFO  2015.04.28 16:41:54.165 cr    - Parsing qsd files
INFO  2015.04.28 16:41:54.188 cr    - Parsing cfg files
INFO  2015.04.28 16:41:54.243 gen   - | status=`EVENT_STARTED| descr="initializing gen component"| funcName=`.sl.main| arg=`| defVal=`| tsId=2015.04.28D16:41:54.243078000
WARN  2015.04.28 16:41:54.267 handle- can't open connection to core.tick, error: hop: Connection refused
INFO  2015.04.28 16:41:54.267 tmr   - starting timer for function .hnd.rec.core_tick period 1000 id .hnd.rec.core_tick
INFO  2015.04.28 16:41:54.267 tmr   - timer frequency increased by a factor of 10
INFO  2015.04.28 16:41:54.267 tmr   - added callback, system timer 1000 ms 
INFO  2015.04.28 16:41:54.267 gen   - | status=`EVENT_COMPLETED| descr="initializing gen component"| funcName=`.sl.main| resType=101h| resCnt=1| tsId=2015.04.28D16:41:54.243172000
INFO  2015.04.28 16:41:54.272 cb    - Plugin .auth.p.pc for callback .z.pc will be always called as first one.
INFO  2015.04.28 16:41:54.272 cb    - Plugin .auth.p.po for callback .z.po will be always called as first one.
INFO  2015.04.28 16:41:54.272 auth  - uOpt in system.cfg is turned off, access for all users is granted. Audit view will be enabled only for users defined in access.cfg
INFO  2015.04.28 16:41:54.273 sub   - | status=`EVENT_COMPLETED| descr="Reading subscription configuration for dist server"| funcName=`.sub.readCfg| resType=101h| resCnt=1| tsId=2015.04.28D16:41:54.272482000
INFO  2015.04.28 16:41:54.273 sub   - | status=`EVENT_COMPLETED| descr="Auto initialization of subscription basing on dataflow configuration"| funcName=`.sub.init| resType=0h| resCnt=0| tsId=2015.04.28D16:41:54.273100000
INFO  2015.04.28 16:41:54.273 sub   - | status=`EVENT_COMPLETED| descr="Auto initialization of connection to subscription sources basing on dataflow..| funcName=`.sub.hopenSrc| resType=0h| resCnt=0| tsId=2015.04.28D16:41:54.273408000
WARN  2015.04.28 16:41:54.273 gen   - component gen initialized with 0 fatals, 0 errors, 1 warnings
INFO  2015.04.28 16:41:55.275 tmr   - timer id: .hnd.rec.core_tick stopped
INFO  2015.04.28 16:41:55.275 gen   - using tickHF protocol, see .gen.tickHF namespace
INFO  2015.04.28 16:41:55.275 tmr   - starting timer for function quote period 1000 id quote
INFO  2015.04.28 16:41:55.275 tmr   - added callback, system timer 1000 ms 
INFO  2015.04.28 16:41:55.275 tmr   - starting timer for function trade period 5000 id trade
INFO  2015.04.28 16:41:55.275 tmr   - added callback, system timer 1000 ms 
INFO  2015.04.28 16:41:55.275 tmr   - scheduling .gen.tickHF.pubEod to run at 00:00:00.000
INFO  2015.04.28 16:41:55.275 tmr   - starting timer for function .tmr.p.runAtFunpubEodTrigger period 10000 id pubEodTrigger
INFO  2015.04.28 16:41:55.275 tmr   - added callback, system timer 1000 ms 
WARN  2015.04.28 16:41:59.597 handle- Server core.tick with handle: 6 has been disconnected
INFO  2015.04.28 16:41:59.597 tmr   - starting timer for function .hnd.rec.core_tick period 1000 id .hnd.rec.core_tick
INFO  2015.04.28 16:41:59.597 tmr   - added callback, system timer 1000 ms 
INFO  2015.04.28 16:41:59.597 tmr   - timer id: quote stopped
INFO  2015.04.28 16:41:59.597 tmr   - timer id: trade stopped
